Using pre-set license
Built from '2021.1/release' branch; Version is '2021.1.0f1 (61a549675243) revision 6399305'; Using compiler version '192528614'; Build Type 'Release'
OS: 'Windows 10 Home; OS build 19041.867; Version 2004; 64bit' Language: 'nl' Physical Memory: 8067 MB
BatchMode: 1, IsHumanControllingUs: 0, StartBugReporterOnCrash: 0, Is64bit: 1, IsPro: 0

 COMMAND LINE ARGUMENTS:
C:\Program Files\Unity 2021.1.0f1\Editor\Unity.exe
-adb2
-batchMode
-noUpm
-name
AssetImportWorker0
-projectPath
C:/Users/grego/OneDrive/Bureaublad/Multiplayer tuts/MPRace
-logFile
Logs/AssetImportWorker0.log
-srvPort
65348
Successfully changed project path to: C:/Users/grego/OneDrive/Bureaublad/Multiplayer tuts/MPRace
C:/Users/grego/OneDrive/Bureaublad/Multiplayer tuts/MPRace
Using Asset Import Pipeline V2.
Refreshing native plugins compatible for Editor in 110.04 ms, found 1 plugins.
Preloading 0 native plugins for Editor in 0.00 ms.
Initialize engine version: 2021.1.0f1 (61a549675243)
[Subsystems] Discovering subsystems at path C:/Program Files/Unity 2021.1.0f1/Editor/Data/Resources/UnitySubsystems
[Subsystems] Discovering subsystems at path C:/Users/grego/OneDrive/Bureaublad/Multiplayer tuts/MPRace/Assets
GfxDevice: creating device client; threaded=0; jobified=0
Direct3D:
    Version:  Direct3D 11.0 [level 11.1]
    Renderer: NVIDIA GeForce MX150 (ID=0x1d10)
    Vendor:   NVIDIA
    VRAM:     1994 MB
    Driver:   23.21.13.8873
Initialize mono
Mono path[0] = 'C:/Program Files/Unity 2021.1.0f1/Editor/Data/Managed'
Mono path[1] = 'C:/Program Files/Unity 2021.1.0f1/Editor/Data/MonoBleedingEdge/lib/mono/unityjit'
Mono config path = 'C:/Program Files/Unity 2021.1.0f1/Editor/Data/MonoBleedingEdge/etc'
Using monoOptions --debugger-agent=transport=dt_socket,embedding=1,server=y,suspend=n,address=127.0.0.1:56360
Begin MonoManager ReloadAssembly
Registering precompiled unity dll's ...
Register platform support module: C:/Program Files/Unity 2021.1.0f1/Editor/Data/PlaybackEngines/WindowsStandaloneSupport/UnityEditor.WindowsStandalone.Extensions.dll
Registered in 0.004934 seconds.
Native extension for WindowsStandalone target not found
Refreshing native plugins compatible for Editor in 187.79 ms, found 1 plugins.
Preloading 0 native plugins for Editor in 0.00 ms.
Mono: successfully reloaded assembly
- Completed reload, in  2.593 seconds
Platform modules already initialized, skipping
Registering precompiled user dll's ...
Registered in 0.019892 seconds.
Begin MonoManager ReloadAssembly
Native extension for WindowsStandalone target not found
Refreshing native plugins compatible for Editor in 0.53 ms, found 1 plugins.
Preloading 0 native plugins for Editor in 0.00 ms.
Mono: successfully reloaded assembly
- Completed reload, in  1.184 seconds
Platform modules already initialized, skipping
========================================================================
Worker process is ready to serve import requests
Launched and connected shader compiler UnityShaderCompiler.exe after 0.08 seconds
Refreshing native plugins compatible for Editor in 0.87 ms, found 1 plugins.
Preloading 0 native plugins for Editor in 0.00 ms.
Unloading 2951 Unused Serialized files (Serialized files now loaded: 0)
System memory in use before: 110.2 MB.
System memory in use after: 110.4 MB.

Unloading 20 unused Assets to reduce memory usage. Loaded Objects now: 3403.
Total: 7.172600 ms (FindLiveObjects: 0.914600 ms CreateObjectMapping: 0.521300 ms MarkObjects: 5.481600 ms  DeleteObjects: 0.251800 ms)

========================================================================
Received Import Request.
  path: Assets/Assets/Scripts/PasswordNetworkManager.cs
  artifactKey: Guid(13e3e9647bc971541baecf6837e0b0a2) Importer(815301076,1909f56bfc062723c751e8b465ee728b)
Start importing Assets/Assets/Scripts/PasswordNetworkManager.cs using Guid(13e3e9647bc971541baecf6837e0b0a2) Importer(815301076,1909f56bfc062723c751e8b465ee728b)  -> (artifact id: '383109540e03ba9901db4f400caed6c7') in 0.077355 seconds 
========================================================================
Received Prepare
Refreshing native plugins compatible for Editor in 17.06 ms, found 1 plugins.
Preloading 0 native plugins for Editor in 0.00 ms.
Unloading 13 Unused Serialized files (Serialized files now loaded: 0)
System memory in use before: 51.0 MB.
System memory in use after: 51.2 MB.

Unloading 13 unused Assets to reduce memory usage. Loaded Objects now: 3403.
Total: 3.265600 ms (FindLiveObjects: 0.314400 ms CreateObjectMapping: 0.151500 ms MarkObjects: 2.732900 ms  DeleteObjects: 0.065500 ms)

========================================================================
Received Prepare
Refreshing native plugins compatible for Editor in 5.68 ms, found 1 plugins.
Preloading 0 native plugins for Editor in 0.00 ms.
Unloading 13 Unused Serialized files (Serialized files now loaded: 0)
System memory in use before: 51.1 MB.
System memory in use after: 51.3 MB.

Unloading 13 unused Assets to reduce memory usage. Loaded Objects now: 3403.
Total: 5.151900 ms (FindLiveObjects: 0.284800 ms CreateObjectMapping: 0.170700 ms MarkObjects: 4.633900 ms  DeleteObjects: 0.060500 ms)

========================================================================
Received Prepare
Registering precompiled user dll's ...
Registered in 0.006992 seconds.
Begin MonoManager ReloadAssembly
Native extension for WindowsStandalone target not found
Refreshing native plugins compatible for Editor in 0.69 ms, found 1 plugins.
Preloading 0 native plugins for Editor in 0.00 ms.
Mono: successfully reloaded assembly
- Completed reload, in  1.073 seconds
Platform modules already initialized, skipping
Refreshing native plugins compatible for Editor in 0.55 ms, found 1 plugins.
Preloading 0 native plugins for Editor in 0.00 ms.
Unloading 2931 Unused Serialized files (Serialized files now loaded: 0)
System memory in use before: 109.2 MB.
System memory in use after: 109.4 MB.

Unloading 15 unused Assets to reduce memory usage. Loaded Objects now: 3406.
Total: 2.275900 ms (FindLiveObjects: 0.267700 ms CreateObjectMapping: 0.167500 ms MarkObjects: 1.761800 ms  DeleteObjects: 0.077200 ms)

========================================================================
Received Import Request.
  Time since last request: 381.838995 seconds.
  path: Packages/com.unity.multiplayer.mlapi/Runtime/Transports/Tests/Editor/com.unity.mulitplayer.mlapi.editortest.asmdef
  artifactKey: Guid(cf3c8d3561be742cc889cc4e329fe386) Importer(815301076,1909f56bfc062723c751e8b465ee728b)
Start importing Packages/com.unity.multiplayer.mlapi/Runtime/Transports/Tests/Editor/com.unity.mulitplayer.mlapi.editortest.asmdef using Guid(cf3c8d3561be742cc889cc4e329fe386) Importer(815301076,1909f56bfc062723c751e8b465ee728b)  -> (artifact id: 'dde130edbae8e556553206f1c91fc8c6') in 0.019575 seconds 
========================================================================
Received Import Request.
  Time since last request: 0.000495 seconds.
  path: Packages/com.unity.multiplayer.mlapi/Runtime/com.unity.multiplayer.mlapi.runtime.asmdef
  artifactKey: Guid(1491147abca9d7d4bb7105af628b223e) Importer(815301076,1909f56bfc062723c751e8b465ee728b)
Start importing Packages/com.unity.multiplayer.mlapi/Runtime/com.unity.multiplayer.mlapi.runtime.asmdef using Guid(1491147abca9d7d4bb7105af628b223e) Importer(815301076,1909f56bfc062723c751e8b465ee728b)  -> (artifact id: 'c0f3970bb06885c7a9edad62504e5ef1') in 0.003953 seconds 
========================================================================
Received Import Request.
  Time since last request: 0.000555 seconds.
  path: Packages/com.unity.multiplayer.mlapi/Editor/com.unity.multiplayer.mlapi.editor.asmdef
  artifactKey: Guid(9f4f5bf029cebb64f983b7bdc29f62a1) Importer(815301076,1909f56bfc062723c751e8b465ee728b)
Start importing Packages/com.unity.multiplayer.mlapi/Editor/com.unity.multiplayer.mlapi.editor.asmdef using Guid(9f4f5bf029cebb64f983b7bdc29f62a1) Importer(815301076,1909f56bfc062723c751e8b465ee728b)  -> (artifact id: 'bdfc4d46c1ebe6c550c8e71d841dd66b') in 0.003591 seconds 
========================================================================
Received Import Request.
  Time since last request: 0.000421 seconds.
  path: Packages/com.unity.multiplayer.mlapi/Tests/Editor/com.unity.multiplayer.mlapi.editortests.asmdef
  artifactKey: Guid(072b82e2b7c1dcf439827d3fbc4f52a1) Importer(815301076,1909f56bfc062723c751e8b465ee728b)
Start importing Packages/com.unity.multiplayer.mlapi/Tests/Editor/com.unity.multiplayer.mlapi.editortests.asmdef using Guid(072b82e2b7c1dcf439827d3fbc4f52a1) Importer(815301076,1909f56bfc062723c751e8b465ee728b)  -> (artifact id: '9bb9af79fa50830e6b4b5cd94cd8d36d') in 0.002995 seconds 
========================================================================
Received Import Request.
  Time since last request: 0.000444 seconds.
  path: Assets/TextMesh Pro/Resources/Style Sheets/Default Style Sheet.asset
  artifactKey: Guid(f952c082cb03451daed3ee968ac6c63e) Importer(815301076,1909f56bfc062723c751e8b465ee728b)
Start importing Assets/TextMesh Pro/Resources/Style Sheets/Default Style Sheet.asset using Guid(f952c082cb03451daed3ee968ac6c63e) Importer(815301076,1909f56bfc062723c751e8b465ee728b)  -> (artifact id: '0dcba070fbef9b58242808b48a354ce6') in 0.020666 seconds 
========================================================================
Received Import Request.
  Time since last request: 0.000415 seconds.
  path: Assets/TextMesh Pro/Resources/Sprite Assets/EmojiOne.asset
  artifactKey: Guid(c41005c129ba4d66911b75229fd70b45) Importer(815301076,1909f56bfc062723c751e8b465ee728b)
Start importing Assets/TextMesh Pro/Resources/Sprite Assets/EmojiOne.asset using Guid(c41005c129ba4d66911b75229fd70b45) Importer(815301076,1909f56bfc062723c751e8b465ee728b)  -> (artifact id: '24b372a9e7cde013e2f5bd3c1d551da6') in 0.015703 seconds 
========================================================================
Received Import Request.
  Time since last request: 0.000459 seconds.
  path: Packages/com.unity.multiplayer.mlapi/Prototyping/com.unity.multiplayer.mlapi.prototyping.asmdef
  artifactKey: Guid(3b8ed52f1b5c64994af4c4e0aa4b6c4b) Importer(815301076,1909f56bfc062723c751e8b465ee728b)
Start importing Packages/com.unity.multiplayer.mlapi/Prototyping/com.unity.multiplayer.mlapi.prototyping.asmdef using Guid(3b8ed52f1b5c64994af4c4e0aa4b6c4b) Importer(815301076,1909f56bfc062723c751e8b465ee728b)  -> (artifact id: 'b0451ff9137b95453ead21ba8aba7cf2') in 0.003552 seconds 
========================================================================
Received Import Request.
  Time since last request: 0.000439 seconds.
  path: Packages/com.unity.multiplayer.mlapi/Tests/Runtime/com.unity.multiplayer.mlapi.runtimetests.asmdef
  artifactKey: Guid(0d0243c226d5dab4fb5d34006a1ad53b) Importer(815301076,1909f56bfc062723c751e8b465ee728b)
Start importing Packages/com.unity.multiplayer.mlapi/Tests/Runtime/com.unity.multiplayer.mlapi.runtimetests.asmdef using Guid(0d0243c226d5dab4fb5d34006a1ad53b) Importer(815301076,1909f56bfc062723c751e8b465ee728b)  -> (artifact id: 'a48b9d60fe4aa4507b1a3c9769aa35a7') in 0.005403 seconds 
========================================================================
Received Prepare
Registering precompiled user dll's ...
Registered in 0.007594 seconds.
Begin MonoManager ReloadAssembly
Native extension for WindowsStandalone target not found
Refreshing native plugins compatible for Editor in 0.53 ms, found 1 plugins.
Preloading 0 native plugins for Editor in 0.00 ms.
Mono: successfully reloaded assembly
- Completed reload, in  1.163 seconds
Platform modules already initialized, skipping
Refreshing native plugins compatible for Editor in 0.57 ms, found 1 plugins.
Preloading 0 native plugins for Editor in 0.00 ms.
Unloading 2931 Unused Serialized files (Serialized files now loaded: 0)
System memory in use before: 109.3 MB.
System memory in use after: 109.5 MB.

Unloading 15 unused Assets to reduce memory usage. Loaded Objects now: 3409.
Total: 2.869000 ms (FindLiveObjects: 0.274500 ms CreateObjectMapping: 0.178300 ms MarkObjects: 2.327200 ms  DeleteObjects: 0.087000 ms)

========================================================================
Received Prepare
Registering precompiled user dll's ...
Registered in 0.009166 seconds.
Begin MonoManager ReloadAssembly
Native extension for WindowsStandalone target not found
Refreshing native plugins compatible for Editor in 0.66 ms, found 1 plugins.
Preloading 0 native plugins for Editor in 0.00 ms.
Mono: successfully reloaded assembly
- Completed reload, in  1.351 seconds
Platform modules already initialized, skipping
Refreshing native plugins compatible for Editor in 0.84 ms, found 1 plugins.
Preloading 0 native plugins for Editor in 0.00 ms.
Unloading 2931 Unused Serialized files (Serialized files now loaded: 0)
System memory in use before: 109.3 MB.
System memory in use after: 109.5 MB.

Unloading 15 unused Assets to reduce memory usage. Loaded Objects now: 3412.
Total: 4.721900 ms (FindLiveObjects: 0.494800 ms CreateObjectMapping: 0.369500 ms MarkObjects: 3.763400 ms  DeleteObjects: 0.091000 ms)

========================================================================
Received Prepare
Registering precompiled user dll's ...
Registered in 0.006604 seconds.
Begin MonoManager ReloadAssembly
Native extension for WindowsStandalone target not found
Refreshing native plugins compatible for Editor in 0.53 ms, found 1 plugins.
Preloading 0 native plugins for Editor in 0.00 ms.
Mono: successfully reloaded assembly
- Completed reload, in  1.200 seconds
Platform modules already initialized, skipping
Refreshing native plugins compatible for Editor in 0.57 ms, found 1 plugins.
Preloading 0 native plugins for Editor in 0.00 ms.
Unloading 2931 Unused Serialized files (Serialized files now loaded: 0)
System memory in use before: 109.3 MB.
System memory in use after: 109.5 MB.

Unloading 15 unused Assets to reduce memory usage. Loaded Objects now: 3415.
Total: 2.427700 ms (FindLiveObjects: 0.253600 ms CreateObjectMapping: 0.151000 ms MarkObjects: 1.964500 ms  DeleteObjects: 0.057700 ms)

========================================================================
Received Import Request.
  Time since last request: 481.923779 seconds.
  path: Assets/Assets/Prefabs/Player.prefab
  artifactKey: Guid(d3dbd0c8266dda946944437eab06a66d) Importer(815301076,1909f56bfc062723c751e8b465ee728b)
Start importing Assets/Assets/Prefabs/Player.prefab using Guid(d3dbd0c8266dda946944437eab06a66d) Importer(815301076,1909f56bfc062723c751e8b465ee728b)  -> (artifact id: '2b9707517af88b369a5b50c9bf4f75e1') in 0.295320 seconds 
========================================================================
Received Import Request.
  Time since last request: 32.200795 seconds.
  path: Assets/Assets/Prefabs/Player.prefab
  artifactKey: Guid(d3dbd0c8266dda946944437eab06a66d) Importer(815301076,1909f56bfc062723c751e8b465ee728b)
Start importing Assets/Assets/Prefabs/Player.prefab using Guid(d3dbd0c8266dda946944437eab06a66d) Importer(815301076,1909f56bfc062723c751e8b465ee728b)  -> (artifact id: 'de01a34695216283e470e4650f431504') in 0.029272 seconds 
========================================================================
Received Import Request.
  Time since last request: 6.990315 seconds.
  path: Assets/Assets/Prefabs/Player.prefab
  artifactKey: Guid(d3dbd0c8266dda946944437eab06a66d) Importer(815301076,1909f56bfc062723c751e8b465ee728b)
Start importing Assets/Assets/Prefabs/Player.prefab using Guid(d3dbd0c8266dda946944437eab06a66d) Importer(815301076,1909f56bfc062723c751e8b465ee728b)  -> (artifact id: '97149af312a179764911a708850b5808') in 0.021787 seconds 
========================================================================
Received Import Request.
  Time since last request: 13.897260 seconds.
  path: Assets/Assets/Prefabs/Player.prefab
  artifactKey: Guid(d3dbd0c8266dda946944437eab06a66d) Importer(815301076,1909f56bfc062723c751e8b465ee728b)
Start importing Assets/Assets/Prefabs/Player.prefab using Guid(d3dbd0c8266dda946944437eab06a66d) Importer(815301076,1909f56bfc062723c751e8b465ee728b)  -> (artifact id: '73e871c7a4ebbb6a41ae3b7eea43b4ae') in 0.022399 seconds 
========================================================================
Received Prepare
Registering precompiled user dll's ...
Registered in 0.007022 seconds.
Begin MonoManager ReloadAssembly
Native extension for WindowsStandalone target not found
Refreshing native plugins compatible for Editor in 0.64 ms, found 1 plugins.
Preloading 0 native plugins for Editor in 0.00 ms.
Mono: successfully reloaded assembly
- Completed reload, in  1.122 seconds
Platform modules already initialized, skipping
Refreshing native plugins compatible for Editor in 0.53 ms, found 1 plugins.
Preloading 0 native plugins for Editor in 0.00 ms.
Unloading 2931 Unused Serialized files (Serialized files now loaded: 0)
System memory in use before: 126.8 MB.
System memory in use after: 127.0 MB.

Unloading 15 unused Assets to reduce memory usage. Loaded Objects now: 3426.
Total: 2.447700 ms (FindLiveObjects: 0.247600 ms CreateObjectMapping: 0.157000 ms MarkObjects: 1.988300 ms  DeleteObjects: 0.053600 ms)

========================================================================
Received Prepare
Registering precompiled user dll's ...
Registered in 0.016266 seconds.
Begin MonoManager ReloadAssembly
Native extension for WindowsStandalone target not found
Refreshing native plugins compatible for Editor in 0.98 ms, found 1 plugins.
Preloading 0 native plugins for Editor in 0.00 ms.
Mono: successfully reloaded assembly
- Completed reload, in  2.214 seconds
Platform modules already initialized, skipping
Refreshing native plugins compatible for Editor in 0.86 ms, found 1 plugins.
Preloading 0 native plugins for Editor in 0.00 ms.
Unloading 2931 Unused Serialized files (Serialized files now loaded: 0)
System memory in use before: 126.8 MB.
System memory in use after: 127.0 MB.

Unloading 15 unused Assets to reduce memory usage. Loaded Objects now: 3429.
Total: 5.244000 ms (FindLiveObjects: 0.516800 ms CreateObjectMapping: 0.341400 ms MarkObjects: 4.277900 ms  DeleteObjects: 0.105200 ms)

========================================================================
Received Prepare
Registering precompiled user dll's ...
Registered in 0.009197 seconds.
Begin MonoManager ReloadAssembly
Native extension for WindowsStandalone target not found
Refreshing native plugins compatible for Editor in 0.58 ms, found 1 plugins.
Preloading 0 native plugins for Editor in 0.00 ms.
Mono: successfully reloaded assembly
- Completed reload, in  2.317 seconds
Platform modules already initialized, skipping
Refreshing native plugins compatible for Editor in 4.22 ms, found 1 plugins.
Preloading 0 native plugins for Editor in 0.00 ms.
Unloading 2931 Unused Serialized files (Serialized files now loaded: 0)
System memory in use before: 126.8 MB.
System memory in use after: 127.0 MB.

Unloading 15 unused Assets to reduce memory usage. Loaded Objects now: 3432.
Total: 20.385300 ms (FindLiveObjects: 2.147200 ms CreateObjectMapping: 1.166400 ms MarkObjects: 16.563000 ms  DeleteObjects: 0.499400 ms)

========================================================================
Received Prepare
Refreshing native plugins compatible for Editor in 6.17 ms, found 1 plugins.
Preloading 0 native plugins for Editor in 0.00 ms.
Unloading 13 Unused Serialized files (Serialized files now loaded: 0)
System memory in use before: 68.9 MB.
System memory in use after: 69.1 MB.

Unloading 13 unused Assets to reduce memory usage. Loaded Objects now: 3432.
Total: 8.419400 ms (FindLiveObjects: 0.713800 ms CreateObjectMapping: 0.391300 ms MarkObjects: 7.172400 ms  DeleteObjects: 0.140300 ms)

========================================================================
Received Prepare
Refreshing native plugins compatible for Editor in 5.90 ms, found 1 plugins.
Preloading 0 native plugins for Editor in 0.00 ms.
Unloading 13 Unused Serialized files (Serialized files now loaded: 0)
System memory in use before: 68.9 MB.
System memory in use after: 69.1 MB.

Unloading 13 unused Assets to reduce memory usage. Loaded Objects now: 3432.
Total: 3.133700 ms (FindLiveObjects: 0.260400 ms CreateObjectMapping: 0.149900 ms MarkObjects: 2.659400 ms  DeleteObjects: 0.062100 ms)

========================================================================
Received Prepare
Registering precompiled user dll's ...
Registered in 0.021687 seconds.
Begin MonoManager ReloadAssembly
Native extension for WindowsStandalone target not found
Refreshing native plugins compatible for Editor in 1.00 ms, found 1 plugins.
Preloading 0 native plugins for Editor in 0.00 ms.
Mono: successfully reloaded assembly
- Completed reload, in  3.968 seconds
Platform modules already initialized, skipping
Refreshing native plugins compatible for Editor in 1.55 ms, found 1 plugins.
Preloading 0 native plugins for Editor in 0.00 ms.
Unloading 2931 Unused Serialized files (Serialized files now loaded: 0)
System memory in use before: 126.8 MB.
System memory in use after: 127.0 MB.

Unloading 15 unused Assets to reduce memory usage. Loaded Objects now: 3435.
Total: 8.815900 ms (FindLiveObjects: 1.739200 ms CreateObjectMapping: 1.594300 ms MarkObjects: 5.383800 ms  DeleteObjects: 0.095000 ms)

========================================================================
Received Prepare
Registering precompiled user dll's ...
Registered in 0.020492 seconds.
Begin MonoManager ReloadAssembly
Native extension for WindowsStandalone target not found
Refreshing native plugins compatible for Editor in 0.97 ms, found 1 plugins.
Preloading 0 native plugins for Editor in 0.00 ms.
Mono: successfully reloaded assembly
- Completed reload, in  2.641 seconds
Platform modules already initialized, skipping
Refreshing native plugins compatible for Editor in 1.12 ms, found 1 plugins.
Preloading 0 native plugins for Editor in 0.00 ms.
Unloading 2931 Unused Serialized files (Serialized files now loaded: 0)
System memory in use before: 126.8 MB.
System memory in use after: 127.0 MB.

Unloading 15 unused Assets to reduce memory usage. Loaded Objects now: 3438.
Total: 9.802100 ms (FindLiveObjects: 1.705200 ms CreateObjectMapping: 0.598900 ms MarkObjects: 7.213300 ms  DeleteObjects: 0.279900 ms)

========================================================================
Received Prepare
Registering precompiled user dll's ...
Registered in 0.019504 seconds.
Begin MonoManager ReloadAssembly
Native extension for WindowsStandalone target not found
Refreshing native plugins compatible for Editor in 1.05 ms, found 1 plugins.
Preloading 0 native plugins for Editor in 0.00 ms.
Mono: successfully reloaded assembly
- Completed reload, in  2.871 seconds
Platform modules already initialized, skipping
Refreshing native plugins compatible for Editor in 1.04 ms, found 1 plugins.
Preloading 0 native plugins for Editor in 0.00 ms.
Unloading 2931 Unused Serialized files (Serialized files now loaded: 0)
System memory in use before: 126.8 MB.
System memory in use after: 127.0 MB.

Unloading 15 unused Assets to reduce memory usage. Loaded Objects now: 3441.
Total: 4.316200 ms (FindLiveObjects: 0.477100 ms CreateObjectMapping: 0.379300 ms MarkObjects: 3.347900 ms  DeleteObjects: 0.109200 ms)

========================================================================
Received Prepare
Registering precompiled user dll's ...
Registered in 0.022538 seconds.
Begin MonoManager ReloadAssembly
Native extension for WindowsStandalone target not found
Refreshing native plugins compatible for Editor in 0.91 ms, found 1 plugins.
Preloading 0 native plugins for Editor in 0.00 ms.
Mono: successfully reloaded assembly
- Completed reload, in  2.349 seconds
Platform modules already initialized, skipping
Refreshing native plugins compatible for Editor in 0.93 ms, found 1 plugins.
Preloading 0 native plugins for Editor in 0.00 ms.
Unloading 2931 Unused Serialized files (Serialized files now loaded: 0)
System memory in use before: 126.8 MB.
System memory in use after: 127.0 MB.

Unloading 15 unused Assets to reduce memory usage. Loaded Objects now: 3444.
Total: 4.626700 ms (FindLiveObjects: 0.382700 ms CreateObjectMapping: 0.280000 ms MarkObjects: 3.854200 ms  DeleteObjects: 0.108000 ms)

========================================================================
Received Prepare
Registering precompiled user dll's ...
Registered in 0.018272 seconds.
Begin MonoManager ReloadAssembly
Native extension for WindowsStandalone target not found
Refreshing native plugins compatible for Editor in 1.43 ms, found 1 plugins.
Preloading 0 native plugins for Editor in 0.00 ms.
Mono: successfully reloaded assembly
- Completed reload, in  2.911 seconds
Platform modules already initialized, skipping
Refreshing native plugins compatible for Editor in 0.93 ms, found 1 plugins.
Preloading 0 native plugins for Editor in 0.00 ms.
Unloading 2931 Unused Serialized files (Serialized files now loaded: 0)
System memory in use before: 126.8 MB.
System memory in use after: 127.1 MB.

Unloading 15 unused Assets to reduce memory usage. Loaded Objects now: 3447.
Total: 6.594400 ms (FindLiveObjects: 0.577500 ms CreateObjectMapping: 0.351700 ms MarkObjects: 5.522100 ms  DeleteObjects: 0.139600 ms)

========================================================================
Received Prepare
Registering precompiled user dll's ...
Registered in 0.018808 seconds.
Begin MonoManager ReloadAssembly
Native extension for WindowsStandalone target not found
Refreshing native plugins compatible for Editor in 1.10 ms, found 1 plugins.
Preloading 0 native plugins for Editor in 0.00 ms.
Mono: successfully reloaded assembly
- Completed reload, in  2.387 seconds
Platform modules already initialized, skipping
Refreshing native plugins compatible for Editor in 1.47 ms, found 1 plugins.
Preloading 0 native plugins for Editor in 0.00 ms.
Unloading 2931 Unused Serialized files (Serialized files now loaded: 0)
System memory in use before: 126.8 MB.
System memory in use after: 127.1 MB.

Unloading 15 unused Assets to reduce memory usage. Loaded Objects now: 3450.
Total: 4.730600 ms (FindLiveObjects: 0.448300 ms CreateObjectMapping: 0.374000 ms MarkObjects: 3.787200 ms  DeleteObjects: 0.117900 ms)

========================================================================
Received Prepare
Registering precompiled user dll's ...
Registered in 0.021369 seconds.
Begin MonoManager ReloadAssembly
Native extension for WindowsStandalone target not found
Refreshing native plugins compatible for Editor in 0.84 ms, found 1 plugins.
Preloading 0 native plugins for Editor in 0.00 ms.
Mono: successfully reloaded assembly
- Completed reload, in  2.121 seconds
Platform modules already initialized, skipping
Refreshing native plugins compatible for Editor in 1.14 ms, found 1 plugins.
Preloading 0 native plugins for Editor in 0.00 ms.
Unloading 2931 Unused Serialized files (Serialized files now loaded: 0)
System memory in use before: 126.8 MB.
System memory in use after: 127.1 MB.

Unloading 15 unused Assets to reduce memory usage. Loaded Objects now: 3453.
Total: 4.839800 ms (FindLiveObjects: 0.462200 ms CreateObjectMapping: 0.379300 ms MarkObjects: 3.897900 ms  DeleteObjects: 0.097200 ms)

========================================================================
Received Prepare
Registering precompiled user dll's ...
Registered in 0.016136 seconds.
Begin MonoManager ReloadAssembly
Native extension for WindowsStandalone target not found
Refreshing native plugins compatible for Editor in 1.46 ms, found 1 plugins.
Preloading 0 native plugins for Editor in 0.00 ms.
Mono: successfully reloaded assembly
- Completed reload, in  4.240 seconds
Platform modules already initialized, skipping
Refreshing native plugins compatible for Editor in 1.30 ms, found 1 plugins.
Preloading 0 native plugins for Editor in 0.00 ms.
Unloading 2931 Unused Serialized files (Serialized files now loaded: 0)
System memory in use before: 126.9 MB.
System memory in use after: 127.1 MB.

Unloading 15 unused Assets to reduce memory usage. Loaded Objects now: 3456.
Total: 6.522000 ms (FindLiveObjects: 0.535000 ms CreateObjectMapping: 0.323400 ms MarkObjects: 5.543000 ms  DeleteObjects: 0.117500 ms)

========================================================================
Received Prepare
Refreshing native plugins compatible for Editor in 9.00 ms, found 1 plugins.
Preloading 0 native plugins for Editor in 0.00 ms.
Unloading 13 Unused Serialized files (Serialized files now loaded: 0)
System memory in use before: 68.9 MB.
System memory in use after: 69.2 MB.

Unloading 13 unused Assets to reduce memory usage. Loaded Objects now: 3456.
Total: 4.802400 ms (FindLiveObjects: 0.483600 ms CreateObjectMapping: 0.365400 ms MarkObjects: 3.840400 ms  DeleteObjects: 0.110700 ms)

========================================================================
Received Prepare
Refreshing native plugins compatible for Editor in 11.27 ms, found 1 plugins.
Preloading 0 native plugins for Editor in 0.00 ms.
Unloading 13 Unused Serialized files (Serialized files now loaded: 0)
System memory in use before: 69.0 MB.
System memory in use after: 69.2 MB.

Unloading 13 unused Assets to reduce memory usage. Loaded Objects now: 3456.
Total: 7.394800 ms (FindLiveObjects: 0.841400 ms CreateObjectMapping: 0.561300 ms MarkObjects: 5.901100 ms  DeleteObjects: 0.087500 ms)

========================================================================
Received Prepare
Refreshing native plugins compatible for Editor in 7.50 ms, found 1 plugins.
Preloading 0 native plugins for Editor in 0.00 ms.
Unloading 13 Unused Serialized files (Serialized files now loaded: 0)
System memory in use before: 69.0 MB.
System memory in use after: 69.2 MB.

Unloading 13 unused Assets to reduce memory usage. Loaded Objects now: 3456.
Total: 7.746300 ms (FindLiveObjects: 0.581800 ms CreateObjectMapping: 0.400500 ms MarkObjects: 6.647500 ms  DeleteObjects: 0.113800 ms)

========================================================================
Received Prepare
Registering precompiled user dll's ...
Registered in 0.043679 seconds.
Begin MonoManager ReloadAssembly
Native extension for WindowsStandalone target not found
Refreshing native plugins compatible for Editor in 1.41 ms, found 1 plugins.
Preloading 0 native plugins for Editor in 0.00 ms.
Mono: successfully reloaded assembly
- Completed reload, in  2.696 seconds
Platform modules already initialized, skipping
Refreshing native plugins compatible for Editor in 1.59 ms, found 1 plugins.
Preloading 0 native plugins for Editor in 0.00 ms.
Unloading 2931 Unused Serialized files (Serialized files now loaded: 0)
System memory in use before: 126.9 MB.
System memory in use after: 127.1 MB.

Unloading 15 unused Assets to reduce memory usage. Loaded Objects now: 3459.
Total: 5.020900 ms (FindLiveObjects: 0.379800 ms CreateObjectMapping: 0.256800 ms MarkObjects: 4.268700 ms  DeleteObjects: 0.112700 ms)

========================================================================
Received Prepare
Registering precompiled user dll's ...
Registered in 0.019439 seconds.
Begin MonoManager ReloadAssembly
Native extension for WindowsStandalone target not found
Refreshing native plugins compatible for Editor in 1.33 ms, found 1 plugins.
Preloading 0 native plugins for Editor in 0.00 ms.
Mono: successfully reloaded assembly
- Completed reload, in  3.695 seconds
Platform modules already initialized, skipping
Refreshing native plugins compatible for Editor in 0.92 ms, found 1 plugins.
Preloading 0 native plugins for Editor in 0.00 ms.
Unloading 2931 Unused Serialized files (Serialized files now loaded: 0)
System memory in use before: 126.9 MB.
System memory in use after: 127.1 MB.

Unloading 15 unused Assets to reduce memory usage. Loaded Objects now: 3462.
Total: 4.139400 ms (FindLiveObjects: 0.374800 ms CreateObjectMapping: 0.261400 ms MarkObjects: 3.411600 ms  DeleteObjects: 0.089500 ms)

========================================================================
Received Prepare
Refreshing native plugins compatible for Editor in 10.53 ms, found 1 plugins.
Preloading 0 native plugins for Editor in 0.00 ms.
Unloading 13 Unused Serialized files (Serialized files now loaded: 0)
System memory in use before: 69.0 MB.
System memory in use after: 69.2 MB.

Unloading 13 unused Assets to reduce memory usage. Loaded Objects now: 3462.
Total: 8.015500 ms (FindLiveObjects: 0.938000 ms CreateObjectMapping: 0.679100 ms MarkObjects: 6.284100 ms  DeleteObjects: 0.110900 ms)

========================================================================
Received Prepare
Refreshing native plugins compatible for Editor in 19.13 ms, found 1 plugins.
Preloading 0 native plugins for Editor in 0.00 ms.
Unloading 13 Unused Serialized files (Serialized files now loaded: 0)
System memory in use before: 69.0 MB.
System memory in use after: 69.2 MB.

Unloading 13 unused Assets to reduce memory usage. Loaded Objects now: 3462.
Total: 7.420100 ms (FindLiveObjects: 0.564000 ms CreateObjectMapping: 0.371500 ms MarkObjects: 6.352600 ms  DeleteObjects: 0.128500 ms)

========================================================================
Received Prepare
Registering precompiled user dll's ...
Registered in 0.019526 seconds.
Begin MonoManager ReloadAssembly
Native extension for WindowsStandalone target not found
Refreshing native plugins compatible for Editor in 0.88 ms, found 1 plugins.
Preloading 0 native plugins for Editor in 0.00 ms.
Mono: successfully reloaded assembly
- Completed reload, in  2.681 seconds
Platform modules already initialized, skipping
Refreshing native plugins compatible for Editor in 1.06 ms, found 1 plugins.
Preloading 0 native plugins for Editor in 0.00 ms.
Unloading 2931 Unused Serialized files (Serialized files now loaded: 0)
System memory in use before: 126.9 MB.
System memory in use after: 127.1 MB.

Unloading 15 unused Assets to reduce memory usage. Loaded Objects now: 3465.
Total: 4.317900 ms (FindLiveObjects: 0.361800 ms CreateObjectMapping: 0.248700 ms MarkObjects: 3.617800 ms  DeleteObjects: 0.087900 ms)

========================================================================
Received Import Request.
  Time since last request: 2384.469970 seconds.
  path: Assets/Assets/Prefabs/Player.prefab
  artifactKey: Guid(d3dbd0c8266dda946944437eab06a66d) Importer(815301076,1909f56bfc062723c751e8b465ee728b)
Start importing Assets/Assets/Prefabs/Player.prefab using Guid(d3dbd0c8266dda946944437eab06a66d) Importer(815301076,1909f56bfc062723c751e8b465ee728b)  -> (artifact id: '08e02fffd39c3dfc1a5a3d70c3927c1a') in 0.354830 seconds 
========================================================================
Received Prepare
Registering precompiled user dll's ...
Registered in 0.020696 seconds.
Begin MonoManager ReloadAssembly
Native extension for WindowsStandalone target not found
Refreshing native plugins compatible for Editor in 1.29 ms, found 1 plugins.
Preloading 0 native plugins for Editor in 0.00 ms.
Mono: successfully reloaded assembly
- Completed reload, in  3.427 seconds
Platform modules already initialized, skipping
Refreshing native plugins compatible for Editor in 1.65 ms, found 1 plugins.
Preloading 0 native plugins for Editor in 0.00 ms.
Unloading 2931 Unused Serialized files (Serialized files now loaded: 0)
System memory in use before: 126.9 MB.
System memory in use after: 127.1 MB.

Unloading 15 unused Assets to reduce memory usage. Loaded Objects now: 3469.
Total: 6.476200 ms (FindLiveObjects: 0.627600 ms CreateObjectMapping: 0.379000 ms MarkObjects: 5.360400 ms  DeleteObjects: 0.106400 ms)

========================================================================
Received Prepare
Refreshing native plugins compatible for Editor in 11.00 ms, found 1 plugins.
Preloading 0 native plugins for Editor in 0.00 ms.
Unloading 13 Unused Serialized files (Serialized files now loaded: 0)
System memory in use before: 69.0 MB.
System memory in use after: 69.2 MB.

Unloading 13 unused Assets to reduce memory usage. Loaded Objects now: 3469.
Total: 7.621600 ms (FindLiveObjects: 0.635100 ms CreateObjectMapping: 0.301900 ms MarkObjects: 6.561500 ms  DeleteObjects: 0.120700 ms)

========================================================================
Received Prepare
Refreshing native plugins compatible for Editor in 14.57 ms, found 1 plugins.
Preloading 0 native plugins for Editor in 0.00 ms.
Unloading 13 Unused Serialized files (Serialized files now loaded: 0)
System memory in use before: 69.0 MB.
System memory in use after: 69.2 MB.

Unloading 13 unused Assets to reduce memory usage. Loaded Objects now: 3469.
Total: 17.683000 ms (FindLiveObjects: 2.213000 ms CreateObjectMapping: 4.287000 ms MarkObjects: 10.944300 ms  DeleteObjects: 0.235200 ms)

========================================================================
Received Prepare
Registering precompiled user dll's ...
Registered in 0.027343 seconds.
Begin MonoManager ReloadAssembly
Native extension for WindowsStandalone target not found
Refreshing native plugins compatible for Editor in 1.03 ms, found 1 plugins.
Preloading 0 native plugins for Editor in 0.00 ms.
Mono: successfully reloaded assembly
- Completed reload, in  3.894 seconds
Platform modules already initialized, skipping
Refreshing native plugins compatible for Editor in 0.96 ms, found 1 plugins.
Preloading 0 native plugins for Editor in 0.00 ms.
Unloading 2931 Unused Serialized files (Serialized files now loaded: 0)
System memory in use before: 126.9 MB.
System memory in use after: 127.1 MB.

Unloading 15 unused Assets to reduce memory usage. Loaded Objects now: 3472.
Total: 4.179200 ms (FindLiveObjects: 0.492000 ms CreateObjectMapping: 0.314000 ms MarkObjects: 3.280300 ms  DeleteObjects: 0.090700 ms)

========================================================================
Received Import Request.
  Time since last request: 906.728707 seconds.
  path: Assets/Assets/Scripts/RPC.cs
  artifactKey: Guid(0d4d8b75b9e99bd48b4535ebef8a2de1) Importer(815301076,1909f56bfc062723c751e8b465ee728b)
Start importing Assets/Assets/Scripts/RPC.cs using Guid(0d4d8b75b9e99bd48b4535ebef8a2de1) Importer(815301076,1909f56bfc062723c751e8b465ee728b)  -> (artifact id: '8682f4b5e0f72dfa4957ceff9a5e840c') in 0.461353 seconds 
========================================================================
Received Prepare
Registering precompiled user dll's ...
Registered in 0.027119 seconds.
Begin MonoManager ReloadAssembly
Native extension for WindowsStandalone target not found
Refreshing native plugins compatible for Editor in 0.98 ms, found 1 plugins.
Preloading 0 native plugins for Editor in 0.00 ms.
Mono: successfully reloaded assembly
- Completed reload, in  3.389 seconds
Platform modules already initialized, skipping
Refreshing native plugins compatible for Editor in 1.33 ms, found 1 plugins.
Preloading 0 native plugins for Editor in 0.00 ms.
Unloading 2932 Unused Serialized files (Serialized files now loaded: 0)
System memory in use before: 127.0 MB.
System memory in use after: 127.2 MB.

Unloading 15 unused Assets to reduce memory usage. Loaded Objects now: 3476.
Total: 5.371300 ms (FindLiveObjects: 0.750300 ms CreateObjectMapping: 0.456500 ms MarkObjects: 4.041600 ms  DeleteObjects: 0.119500 ms)

========================================================================
Received Prepare
Registering precompiled user dll's ...
Registered in 0.029992 seconds.
Begin MonoManager ReloadAssembly
Native extension for WindowsStandalone target not found
Refreshing native plugins compatible for Editor in 1.26 ms, found 1 plugins.
Preloading 0 native plugins for Editor in 0.00 ms.
Mono: successfully reloaded assembly
- Completed reload, in  3.480 seconds
Platform modules already initialized, skipping
Refreshing native plugins compatible for Editor in 1.18 ms, found 1 plugins.
Preloading 0 native plugins for Editor in 0.00 ms.
Unloading 2932 Unused Serialized files (Serialized files now loaded: 0)
System memory in use before: 127.0 MB.
System memory in use after: 127.2 MB.

Unloading 15 unused Assets to reduce memory usage. Loaded Objects now: 3479.
Total: 4.468400 ms (FindLiveObjects: 0.547000 ms CreateObjectMapping: 0.458300 ms MarkObjects: 3.373900 ms  DeleteObjects: 0.087200 ms)

========================================================================
Received Import Request.
  Time since last request: 57.172686 seconds.
  path: Assets/Assets/Scripts/RPC.cs
  artifactKey: Guid(0d4d8b75b9e99bd48b4535ebef8a2de1) Importer(815301076,1909f56bfc062723c751e8b465ee728b)
Start importing Assets/Assets/Scripts/RPC.cs using Guid(0d4d8b75b9e99bd48b4535ebef8a2de1) Importer(815301076,1909f56bfc062723c751e8b465ee728b)  -> (artifact id: 'e59a3a6055aad03a5f0d9966f120e59b') in 0.014284 seconds 
