Using pre-set license
Built from '2021.1/release' branch; Version is '2021.1.0f1 (61a549675243) revision 6399305'; Using compiler version '192528614'; Build Type 'Release'
OS: 'Windows 10 Home; OS build 19041.867; Version 2004; 64bit' Language: 'nl' Physical Memory: 8067 MB
BatchMode: 1, IsHumanControllingUs: 0, StartBugReporterOnCrash: 0, Is64bit: 1, IsPro: 0

 COMMAND LINE ARGUMENTS:
C:\Program Files\Unity 2021.1.0f1\Editor\Unity.exe
-adb2
-batchMode
-noUpm
-name
AssetImportWorker0
-projectPath
C:/Users/grego/OneDrive/Bureaublad/Multiplayer tuts/MPRace
-logFile
Logs/AssetImportWorker0.log
-srvPort
49497
Successfully changed project path to: C:/Users/grego/OneDrive/Bureaublad/Multiplayer tuts/MPRace
C:/Users/grego/OneDrive/Bureaublad/Multiplayer tuts/MPRace
Using Asset Import Pipeline V2.
Refreshing native plugins compatible for Editor in 153.58 ms, found 1 plugins.
Preloading 0 native plugins for Editor in 0.00 ms.
Initialize engine version: 2021.1.0f1 (61a549675243)
[Subsystems] Discovering subsystems at path C:/Program Files/Unity 2021.1.0f1/Editor/Data/Resources/UnitySubsystems
[Subsystems] Discovering subsystems at path C:/Users/grego/OneDrive/Bureaublad/Multiplayer tuts/MPRace/Assets
GfxDevice: creating device client; threaded=0; jobified=0
Direct3D:
    Version:  Direct3D 11.0 [level 11.1]
    Renderer: NVIDIA GeForce MX150 (ID=0x1d10)
    Vendor:   NVIDIA
    VRAM:     1994 MB
    Driver:   23.21.13.8873
Initialize mono
Mono path[0] = 'C:/Program Files/Unity 2021.1.0f1/Editor/Data/Managed'
Mono path[1] = 'C:/Program Files/Unity 2021.1.0f1/Editor/Data/MonoBleedingEdge/lib/mono/unityjit'
Mono config path = 'C:/Program Files/Unity 2021.1.0f1/Editor/Data/MonoBleedingEdge/etc'
Using monoOptions --debugger-agent=transport=dt_socket,embedding=1,server=y,suspend=n,address=127.0.0.1:56944
Begin MonoManager ReloadAssembly
Registering precompiled unity dll's ...
Register platform support module: C:/Program Files/Unity 2021.1.0f1/Editor/Data/PlaybackEngines/WindowsStandaloneSupport/UnityEditor.WindowsStandalone.Extensions.dll
Registered in 0.004960 seconds.
Native extension for WindowsStandalone target not found
Refreshing native plugins compatible for Editor in 111.02 ms, found 1 plugins.
Preloading 0 native plugins for Editor in 0.00 ms.
Mono: successfully reloaded assembly
- Completed reload, in  6.353 seconds
Platform modules already initialized, skipping
Registering precompiled user dll's ...
Registered in 0.009146 seconds.
Begin MonoManager ReloadAssembly
Native extension for WindowsStandalone target not found
Refreshing native plugins compatible for Editor in 0.52 ms, found 1 plugins.
Preloading 0 native plugins for Editor in 0.00 ms.
Mono: successfully reloaded assembly
- Completed reload, in  1.178 seconds
Platform modules already initialized, skipping
========================================================================
Worker process is ready to serve import requests
Launched and connected shader compiler UnityShaderCompiler.exe after 0.06 seconds
Refreshing native plugins compatible for Editor in 0.55 ms, found 1 plugins.
Preloading 0 native plugins for Editor in 0.00 ms.
Unloading 2963 Unused Serialized files (Serialized files now loaded: 0)
System memory in use before: 109.4 MB.
System memory in use after: 109.6 MB.

Unloading 20 unused Assets to reduce memory usage. Loaded Objects now: 3414.
Total: 7.810300 ms (FindLiveObjects: 0.464400 ms CreateObjectMapping: 0.285100 ms MarkObjects: 6.299700 ms  DeleteObjects: 0.759400 ms)

========================================================================
Received Prepare
Registering precompiled user dll's ...
Registered in 0.007076 seconds.
Begin MonoManager ReloadAssembly
Native extension for WindowsStandalone target not found
Refreshing native plugins compatible for Editor in 0.54 ms, found 1 plugins.
Preloading 0 native plugins for Editor in 0.00 ms.
Mono: successfully reloaded assembly
- Completed reload, in  1.022 seconds
Platform modules already initialized, skipping
Refreshing native plugins compatible for Editor in 0.58 ms, found 1 plugins.
Preloading 0 native plugins for Editor in 0.00 ms.
Unloading 2954 Unused Serialized files (Serialized files now loaded: 0)
System memory in use before: 109.1 MB.
System memory in use after: 109.3 MB.

Unloading 15 unused Assets to reduce memory usage. Loaded Objects now: 3417.
Total: 2.144400 ms (FindLiveObjects: 0.234500 ms CreateObjectMapping: 0.107900 ms MarkObjects: 1.749000 ms  DeleteObjects: 0.052000 ms)

========================================================================
Received Import Request.
  path: Assets/Assets/Scripts
  artifactKey: Guid(61ccabac7fd7528459df99dc4d53ee67) Importer(815301076,1909f56bfc062723c751e8b465ee728b)
Start importing Assets/Assets/Scripts using Guid(61ccabac7fd7528459df99dc4d53ee67) Importer(815301076,1909f56bfc062723c751e8b465ee728b)  -> (artifact id: 'dd5ff3af21be064198d615446594fb58') in 0.007052 seconds 
========================================================================
Received Import Request.
  Time since last request: 6.599022 seconds.
  path: Assets/Assets/Scripts/Movement.cs
  artifactKey: Guid(7c201dc6d6e80a540b4be12c68da714e) Importer(815301076,1909f56bfc062723c751e8b465ee728b)
Start importing Assets/Assets/Scripts/Movement.cs using Guid(7c201dc6d6e80a540b4be12c68da714e) Importer(815301076,1909f56bfc062723c751e8b465ee728b)  -> (artifact id: 'f858f1292ac082e9477c4b43d98a9b5e') in 0.049386 seconds 
========================================================================
Received Prepare
Registering precompiled user dll's ...
Registered in 0.012889 seconds.
Begin MonoManager ReloadAssembly
Native extension for WindowsStandalone target not found
Refreshing native plugins compatible for Editor in 1.01 ms, found 1 plugins.
Preloading 0 native plugins for Editor in 0.00 ms.
Mono: successfully reloaded assembly
- Completed reload, in  1.476 seconds
Platform modules already initialized, skipping
Refreshing native plugins compatible for Editor in 1.01 ms, found 1 plugins.
Preloading 0 native plugins for Editor in 0.00 ms.
Unloading 2955 Unused Serialized files (Serialized files now loaded: 0)
System memory in use before: 109.2 MB.
System memory in use after: 109.4 MB.

Unloading 15 unused Assets to reduce memory usage. Loaded Objects now: 3421.
Total: 2.986500 ms (FindLiveObjects: 0.356100 ms CreateObjectMapping: 0.199200 ms MarkObjects: 2.362200 ms  DeleteObjects: 0.066600 ms)

========================================================================
Received Prepare
Registering precompiled user dll's ...
Registered in 0.007331 seconds.
Begin MonoManager ReloadAssembly
Native extension for WindowsStandalone target not found
Refreshing native plugins compatible for Editor in 0.55 ms, found 1 plugins.
Preloading 0 native plugins for Editor in 0.00 ms.
Mono: successfully reloaded assembly
- Completed reload, in  1.138 seconds
Platform modules already initialized, skipping
Refreshing native plugins compatible for Editor in 0.54 ms, found 1 plugins.
Preloading 0 native plugins for Editor in 0.00 ms.
Unloading 2955 Unused Serialized files (Serialized files now loaded: 0)
System memory in use before: 109.2 MB.
System memory in use after: 109.4 MB.

Unloading 15 unused Assets to reduce memory usage. Loaded Objects now: 3424.
Total: 6.507300 ms (FindLiveObjects: 0.615500 ms CreateObjectMapping: 0.599300 ms MarkObjects: 5.137300 ms  DeleteObjects: 0.150500 ms)

========================================================================
Received Import Request.
  Time since last request: 178.397082 seconds.
  path: Assets/Assets/Scripts/Movement.cs
  artifactKey: Guid(7c201dc6d6e80a540b4be12c68da714e) Importer(815301076,1909f56bfc062723c751e8b465ee728b)
Start importing Assets/Assets/Scripts/Movement.cs using Guid(7c201dc6d6e80a540b4be12c68da714e) Importer(815301076,1909f56bfc062723c751e8b465ee728b)  -> (artifact id: '866e78694ab569012f4845e2995e9eb5') in 0.016720 seconds 
========================================================================
Received Prepare
Registering precompiled user dll's ...
Registered in 0.006925 seconds.
Begin MonoManager ReloadAssembly
Native extension for WindowsStandalone target not found
Refreshing native plugins compatible for Editor in 0.83 ms, found 1 plugins.
Preloading 0 native plugins for Editor in 0.00 ms.
Mono: successfully reloaded assembly
- Completed reload, in  1.080 seconds
Platform modules already initialized, skipping
Refreshing native plugins compatible for Editor in 1.04 ms, found 1 plugins.
Preloading 0 native plugins for Editor in 0.00 ms.
Unloading 2955 Unused Serialized files (Serialized files now loaded: 0)
System memory in use before: 109.2 MB.
System memory in use after: 109.4 MB.

Unloading 15 unused Assets to reduce memory usage. Loaded Objects now: 3427.
Total: 4.514300 ms (FindLiveObjects: 0.643500 ms CreateObjectMapping: 0.398500 ms MarkObjects: 3.380100 ms  DeleteObjects: 0.090100 ms)

========================================================================
Received Prepare
Registering precompiled user dll's ...
Registered in 0.030324 seconds.
Begin MonoManager ReloadAssembly
Native extension for WindowsStandalone target not found
Refreshing native plugins compatible for Editor in 1.06 ms, found 1 plugins.
Preloading 0 native plugins for Editor in 0.00 ms.
Mono: successfully reloaded assembly
- Completed reload, in  1.329 seconds
Platform modules already initialized, skipping
Refreshing native plugins compatible for Editor in 0.54 ms, found 1 plugins.
Preloading 0 native plugins for Editor in 0.00 ms.
Unloading 2955 Unused Serialized files (Serialized files now loaded: 0)
System memory in use before: 109.2 MB.
System memory in use after: 109.4 MB.

Unloading 15 unused Assets to reduce memory usage. Loaded Objects now: 3430.
Total: 7.085200 ms (FindLiveObjects: 0.657300 ms CreateObjectMapping: 0.537700 ms MarkObjects: 5.717900 ms  DeleteObjects: 0.166800 ms)

========================================================================
Received Prepare
Registering precompiled user dll's ...
Registered in 0.007174 seconds.
Begin MonoManager ReloadAssembly
Native extension for WindowsStandalone target not found
Refreshing native plugins compatible for Editor in 0.52 ms, found 1 plugins.
Preloading 0 native plugins for Editor in 0.00 ms.
Mono: successfully reloaded assembly
- Completed reload, in  1.060 seconds
Platform modules already initialized, skipping
Refreshing native plugins compatible for Editor in 0.55 ms, found 1 plugins.
Preloading 0 native plugins for Editor in 0.00 ms.
Unloading 2955 Unused Serialized files (Serialized files now loaded: 0)
System memory in use before: 109.2 MB.
System memory in use after: 109.4 MB.

Unloading 15 unused Assets to reduce memory usage. Loaded Objects now: 3433.
Total: 2.476700 ms (FindLiveObjects: 0.251800 ms CreateObjectMapping: 0.161700 ms MarkObjects: 2.004400 ms  DeleteObjects: 0.057700 ms)

========================================================================
Received Prepare
Registering precompiled user dll's ...
Registered in 0.006850 seconds.
Begin MonoManager ReloadAssembly
Native extension for WindowsStandalone target not found
Refreshing native plugins compatible for Editor in 1.44 ms, found 1 plugins.
Preloading 0 native plugins for Editor in 0.00 ms.
Mono: successfully reloaded assembly
- Completed reload, in  1.143 seconds
Platform modules already initialized, skipping
Refreshing native plugins compatible for Editor in 0.55 ms, found 1 plugins.
Preloading 0 native plugins for Editor in 0.00 ms.
Unloading 2955 Unused Serialized files (Serialized files now loaded: 0)
System memory in use before: 109.3 MB.
System memory in use after: 109.5 MB.

Unloading 15 unused Assets to reduce memory usage. Loaded Objects now: 3436.
Total: 2.652800 ms (FindLiveObjects: 0.388900 ms CreateObjectMapping: 0.198000 ms MarkObjects: 2.008700 ms  DeleteObjects: 0.056300 ms)

========================================================================
Received Prepare
Registering precompiled user dll's ...
Registered in 0.008648 seconds.
Begin MonoManager ReloadAssembly
Native extension for WindowsStandalone target not found
Refreshing native plugins compatible for Editor in 0.70 ms, found 1 plugins.
Preloading 0 native plugins for Editor in 0.00 ms.
Mono: successfully reloaded assembly
- Completed reload, in  1.192 seconds
Platform modules already initialized, skipping
Refreshing native plugins compatible for Editor in 0.57 ms, found 1 plugins.
Preloading 0 native plugins for Editor in 0.00 ms.
Unloading 2955 Unused Serialized files (Serialized files now loaded: 0)
System memory in use before: 109.3 MB.
System memory in use after: 109.5 MB.

Unloading 15 unused Assets to reduce memory usage. Loaded Objects now: 3439.
Total: 3.554300 ms (FindLiveObjects: 0.508300 ms CreateObjectMapping: 0.370600 ms MarkObjects: 2.617700 ms  DeleteObjects: 0.056400 ms)

========================================================================
Received Prepare
Registering precompiled user dll's ...
Registered in 0.014331 seconds.
Begin MonoManager ReloadAssembly
Native extension for WindowsStandalone target not found
Refreshing native plugins compatible for Editor in 0.55 ms, found 1 plugins.
Preloading 0 native plugins for Editor in 0.00 ms.
Mono: successfully reloaded assembly
- Completed reload, in  1.673 seconds
Platform modules already initialized, skipping
Refreshing native plugins compatible for Editor in 0.53 ms, found 1 plugins.
Preloading 0 native plugins for Editor in 0.00 ms.
Unloading 2955 Unused Serialized files (Serialized files now loaded: 0)
System memory in use before: 109.3 MB.
System memory in use after: 109.5 MB.

Unloading 15 unused Assets to reduce memory usage. Loaded Objects now: 3442.
Total: 2.245400 ms (FindLiveObjects: 0.254200 ms CreateObjectMapping: 0.112700 ms MarkObjects: 1.834300 ms  DeleteObjects: 0.043400 ms)

========================================================================
Received Prepare
Registering precompiled user dll's ...
Registered in 0.008133 seconds.
Begin MonoManager ReloadAssembly
Native extension for WindowsStandalone target not found
Refreshing native plugins compatible for Editor in 0.54 ms, found 1 plugins.
Preloading 0 native plugins for Editor in 0.00 ms.
Mono: successfully reloaded assembly
- Completed reload, in  1.079 seconds
Platform modules already initialized, skipping
Refreshing native plugins compatible for Editor in 0.57 ms, found 1 plugins.
Preloading 0 native plugins for Editor in 0.00 ms.
Unloading 2955 Unused Serialized files (Serialized files now loaded: 0)
System memory in use before: 109.3 MB.
System memory in use after: 109.5 MB.

Unloading 15 unused Assets to reduce memory usage. Loaded Objects now: 3445.
Total: 3.348200 ms (FindLiveObjects: 0.434600 ms CreateObjectMapping: 0.335900 ms MarkObjects: 2.524600 ms  DeleteObjects: 0.052000 ms)

========================================================================
Received Prepare
Registering precompiled user dll's ...
Registered in 0.006527 seconds.
Begin MonoManager ReloadAssembly
Native extension for WindowsStandalone target not found
Refreshing native plugins compatible for Editor in 0.95 ms, found 1 plugins.
Preloading 0 native plugins for Editor in 0.00 ms.
Mono: successfully reloaded assembly
- Completed reload, in  1.779 seconds
Platform modules already initialized, skipping
Refreshing native plugins compatible for Editor in 0.90 ms, found 1 plugins.
Preloading 0 native plugins for Editor in 0.00 ms.
Unloading 2955 Unused Serialized files (Serialized files now loaded: 0)
System memory in use before: 109.3 MB.
System memory in use after: 109.5 MB.

Unloading 15 unused Assets to reduce memory usage. Loaded Objects now: 3448.
Total: 4.373200 ms (FindLiveObjects: 0.443800 ms CreateObjectMapping: 0.299000 ms MarkObjects: 3.544800 ms  DeleteObjects: 0.083800 ms)

========================================================================
Received Prepare
Registering precompiled user dll's ...
Registered in 0.007294 seconds.
Begin MonoManager ReloadAssembly
Native extension for WindowsStandalone target not found
Refreshing native plugins compatible for Editor in 0.59 ms, found 1 plugins.
Preloading 0 native plugins for Editor in 0.00 ms.
Mono: successfully reloaded assembly
- Completed reload, in  1.018 seconds
Platform modules already initialized, skipping
Refreshing native plugins compatible for Editor in 0.59 ms, found 1 plugins.
Preloading 0 native plugins for Editor in 0.00 ms.
Unloading 2955 Unused Serialized files (Serialized files now loaded: 0)
System memory in use before: 109.3 MB.
System memory in use after: 109.5 MB.

Unloading 15 unused Assets to reduce memory usage. Loaded Objects now: 3451.
Total: 2.534400 ms (FindLiveObjects: 0.298200 ms CreateObjectMapping: 0.149000 ms MarkObjects: 2.009000 ms  DeleteObjects: 0.077500 ms)

========================================================================
Received Prepare
Registering precompiled user dll's ...
Registered in 0.007093 seconds.
Begin MonoManager ReloadAssembly
Native extension for WindowsStandalone target not found
Refreshing native plugins compatible for Editor in 0.85 ms, found 1 plugins.
Preloading 0 native plugins for Editor in 0.00 ms.
Mono: successfully reloaded assembly
- Completed reload, in  1.134 seconds
Platform modules already initialized, skipping
Refreshing native plugins compatible for Editor in 0.54 ms, found 1 plugins.
Preloading 0 native plugins for Editor in 0.00 ms.
Unloading 2955 Unused Serialized files (Serialized files now loaded: 0)
System memory in use before: 109.3 MB.
System memory in use after: 109.5 MB.

Unloading 15 unused Assets to reduce memory usage. Loaded Objects now: 3454.
Total: 2.879100 ms (FindLiveObjects: 0.430900 ms CreateObjectMapping: 0.178000 ms MarkObjects: 2.210900 ms  DeleteObjects: 0.057600 ms)

========================================================================
Received Prepare
Registering precompiled user dll's ...
Registered in 0.006896 seconds.
Begin MonoManager ReloadAssembly
Native extension for WindowsStandalone target not found
Refreshing native plugins compatible for Editor in 1.63 ms, found 1 plugins.
Preloading 0 native plugins for Editor in 0.00 ms.
Mono: successfully reloaded assembly
- Completed reload, in  1.638 seconds
Platform modules already initialized, skipping
Refreshing native plugins compatible for Editor in 0.89 ms, found 1 plugins.
Preloading 0 native plugins for Editor in 0.00 ms.
Unloading 2955 Unused Serialized files (Serialized files now loaded: 0)
System memory in use before: 109.3 MB.
System memory in use after: 109.5 MB.

Unloading 15 unused Assets to reduce memory usage. Loaded Objects now: 3457.
Total: 4.233000 ms (FindLiveObjects: 0.515600 ms CreateObjectMapping: 0.459500 ms MarkObjects: 3.160300 ms  DeleteObjects: 0.094500 ms)

========================================================================
Received Import Request.
  Time since last request: 1375.155988 seconds.
  path: Assets/Assets/Animations/Controller.controller
  artifactKey: Guid(bce8ab4ec02e3ff40b7650771629cd95) Importer(815301076,1909f56bfc062723c751e8b465ee728b)
Start importing Assets/Assets/Animations/Controller.controller using Guid(bce8ab4ec02e3ff40b7650771629cd95) Importer(815301076,1909f56bfc062723c751e8b465ee728b)  -> (artifact id: '25a3dbdb3bb13f803357f66306969bcf') in 0.034010 seconds 
========================================================================
Received Import Request.
  Time since last request: 189.242518 seconds.
  path: Assets/Assets/Materials/StartFinishLine.mat
  artifactKey: Guid(f82f08d300fe9f14ab2a57a07334d69c) Importer(815301076,1909f56bfc062723c751e8b465ee728b)
Start importing Assets/Assets/Materials/StartFinishLine.mat using Guid(f82f08d300fe9f14ab2a57a07334d69c) Importer(815301076,1909f56bfc062723c751e8b465ee728b)  -> (artifact id: '25eb8a0838753d81b8b2066174f96338') in 0.209444 seconds 
========================================================================
Received Import Request.
  Time since last request: 0.000427 seconds.
  path: Assets/Assets/Materials/Walls.mat
  artifactKey: Guid(ac067740ce11608498d28d0bfd483ff7) Importer(815301076,1909f56bfc062723c751e8b465ee728b)
Start importing Assets/Assets/Materials/Walls.mat using Guid(ac067740ce11608498d28d0bfd483ff7) Importer(815301076,1909f56bfc062723c751e8b465ee728b)  -> (artifact id: '6be61a9edf819af8c60d5a3837b3d602') in 0.014051 seconds 
========================================================================
Received Import Request.
  Time since last request: 63.110338 seconds.
  path: Assets/Assets/Animations/mixamo.com.anim
  artifactKey: Guid(9824eba3e75d83647929b19085fc7905) Importer(815301076,1909f56bfc062723c751e8b465ee728b)
Start importing Assets/Assets/Animations/mixamo.com.anim using Guid(9824eba3e75d83647929b19085fc7905) Importer(815301076,1909f56bfc062723c751e8b465ee728b)  -> (artifact id: '11feba734066418b281c17d58528af69') in 0.007867 seconds 
========================================================================
Received Import Request.
  Time since last request: 11.214935 seconds.
  path: Assets/Assets/Animations/mixamo.com 1.anim
  artifactKey: Guid(9c28030f747797946b8a7a58d048f8b1) Importer(815301076,1909f56bfc062723c751e8b465ee728b)
Start importing Assets/Assets/Animations/mixamo.com 1.anim using Guid(9c28030f747797946b8a7a58d048f8b1) Importer(815301076,1909f56bfc062723c751e8b465ee728b)  -> (artifact id: '040c0b61c5de5dd8e6c32445de213d93') in 0.005952 seconds 
========================================================================
Received Import Request.
  Time since last request: 24.974673 seconds.
  path: Assets/Assets/Animations/mixamo.com 2.anim
  artifactKey: Guid(225152136ff759846a85b56e5890f96a) Importer(815301076,1909f56bfc062723c751e8b465ee728b)
Start importing Assets/Assets/Animations/mixamo.com 2.anim using Guid(225152136ff759846a85b56e5890f96a) Importer(815301076,1909f56bfc062723c751e8b465ee728b)  -> (artifact id: 'b5e772e6228a98541c9d6879919a9b0b') in 0.009656 seconds 
========================================================================
Received Prepare
Registering precompiled user dll's ...
Registered in 0.014326 seconds.
Begin MonoManager ReloadAssembly
Native extension for WindowsStandalone target not found
Refreshing native plugins compatible for Editor in 0.99 ms, found 1 plugins.
Preloading 0 native plugins for Editor in 0.00 ms.
Mono: successfully reloaded assembly
- Completed reload, in  1.462 seconds
Platform modules already initialized, skipping
Refreshing native plugins compatible for Editor in 0.54 ms, found 1 plugins.
Preloading 0 native plugins for Editor in 0.00 ms.
Unloading 2955 Unused Serialized files (Serialized files now loaded: 0)
System memory in use before: 113.1 MB.
System memory in use after: 113.4 MB.

Unloading 15 unused Assets to reduce memory usage. Loaded Objects now: 3500.
Total: 2.409900 ms (FindLiveObjects: 0.259500 ms CreateObjectMapping: 0.149500 ms MarkObjects: 1.920700 ms  DeleteObjects: 0.078900 ms)

========================================================================
Received Prepare
Registering precompiled user dll's ...
Registered in 0.007052 seconds.
Begin MonoManager ReloadAssembly
Native extension for WindowsStandalone target not found
Refreshing native plugins compatible for Editor in 0.55 ms, found 1 plugins.
Preloading 0 native plugins for Editor in 0.00 ms.
Mono: successfully reloaded assembly
- Completed reload, in  1.078 seconds
Platform modules already initialized, skipping
Refreshing native plugins compatible for Editor in 0.60 ms, found 1 plugins.
Preloading 0 native plugins for Editor in 0.00 ms.
Unloading 2968 Unused Serialized files (Serialized files now loaded: 0)
System memory in use before: 114.8 MB.
System memory in use after: 114.4 MB.

Unloading 28 unused Assets to reduce memory usage. Loaded Objects now: 3503.
Total: 4.525600 ms (FindLiveObjects: 0.584400 ms CreateObjectMapping: 0.305200 ms MarkObjects: 3.077800 ms  DeleteObjects: 0.555600 ms)

========================================================================
Received Import Request.
  Time since last request: 632.969910 seconds.
  path: Assets/Samples
  artifactKey: Guid(8565c250e3addea41a96e8db8d9264b9) Importer(815301076,1909f56bfc062723c751e8b465ee728b)
Start importing Assets/Samples using Guid(8565c250e3addea41a96e8db8d9264b9) Importer(815301076,1909f56bfc062723c751e8b465ee728b)  -> (artifact id: 'dccd03a251ff336dd22a20b575fc4875') in 0.012387 seconds 
========================================================================
Received Prepare
Registering precompiled user dll's ...
Registered in 0.010023 seconds.
Begin MonoManager ReloadAssembly
Native extension for WindowsStandalone target not found
Refreshing native plugins compatible for Editor in 0.55 ms, found 1 plugins.
Preloading 0 native plugins for Editor in 0.00 ms.
Mono: successfully reloaded assembly
- Completed reload, in  1.117 seconds
Platform modules already initialized, skipping
Refreshing native plugins compatible for Editor in 0.59 ms, found 1 plugins.
Preloading 0 native plugins for Editor in 0.00 ms.
Unloading 2942 Unused Serialized files (Serialized files now loaded: 0)
System memory in use before: 114.3 MB.
System memory in use after: 113.9 MB.

Unloading 54 unused Assets to reduce memory usage. Loaded Objects now: 3480.
Total: 3.212500 ms (FindLiveObjects: 0.448500 ms CreateObjectMapping: 0.191900 ms MarkObjects: 2.266400 ms  DeleteObjects: 0.304600 ms)

========================================================================
Received Import Request.
  Time since last request: 35.029315 seconds.
  path: Assets/Assets/Scripts/PlayerWins.cs
  artifactKey: Guid(afe6ad09602afe34fb3826543d081b71) Importer(815301076,1909f56bfc062723c751e8b465ee728b)
Start importing Assets/Assets/Scripts/PlayerWins.cs using Guid(afe6ad09602afe34fb3826543d081b71) Importer(815301076,1909f56bfc062723c751e8b465ee728b)  -> (artifact id: 'e82d0e3cac119b8946a87d2af2462bbb') in 0.008714 seconds 
========================================================================
Received Prepare
Registering precompiled user dll's ...
Registered in 0.014459 seconds.
Begin MonoManager ReloadAssembly
Native extension for WindowsStandalone target not found
Refreshing native plugins compatible for Editor in 0.52 ms, found 1 plugins.
Preloading 0 native plugins for Editor in 0.00 ms.
Mono: successfully reloaded assembly
- Completed reload, in  1.734 seconds
Platform modules already initialized, skipping
Refreshing native plugins compatible for Editor in 0.59 ms, found 1 plugins.
Preloading 0 native plugins for Editor in 0.00 ms.
Unloading 2943 Unused Serialized files (Serialized files now loaded: 0)
System memory in use before: 114.3 MB.
System memory in use after: 113.9 MB.

Unloading 28 unused Assets to reduce memory usage. Loaded Objects now: 3484.
Total: 2.888700 ms (FindLiveObjects: 0.254900 ms CreateObjectMapping: 0.201600 ms MarkObjects: 2.140100 ms  DeleteObjects: 0.291200 ms)

========================================================================
Received Import Request.
  Time since last request: 122.586426 seconds.
  path: ProjectSettings/TagManager.asset
  artifactKey: Guid(00000000000000003000000000000000) Importer(815301076,1909f56bfc062723c751e8b465ee728b)
Start importing ProjectSettings/TagManager.asset using Guid(00000000000000003000000000000000) Importer(815301076,1909f56bfc062723c751e8b465ee728b)  -> (artifact id: 'b5a07691cfed3d667b3bb63b8b71d3a3') in 0.017959 seconds 
========================================================================
Received Prepare
Registering precompiled user dll's ...
Registered in 0.007364 seconds.
Begin MonoManager ReloadAssembly
Native extension for WindowsStandalone target not found
Refreshing native plugins compatible for Editor in 0.55 ms, found 1 plugins.
Preloading 0 native plugins for Editor in 0.00 ms.
Mono: successfully reloaded assembly
- Completed reload, in  1.142 seconds
Platform modules already initialized, skipping
Refreshing native plugins compatible for Editor in 0.57 ms, found 1 plugins.
Preloading 0 native plugins for Editor in 0.00 ms.
Unloading 2943 Unused Serialized files (Serialized files now loaded: 0)
System memory in use before: 114.3 MB.
System memory in use after: 113.9 MB.

Unloading 29 unused Assets to reduce memory usage. Loaded Objects now: 3487.
Total: 2.818700 ms (FindLiveObjects: 0.285900 ms CreateObjectMapping: 0.166700 ms MarkObjects: 1.986900 ms  DeleteObjects: 0.378300 ms)

========================================================================
Received Prepare
Registering precompiled user dll's ...
Registered in 0.006792 seconds.
Begin MonoManager ReloadAssembly
Native extension for WindowsStandalone target not found
Refreshing native plugins compatible for Editor in 0.56 ms, found 1 plugins.
Preloading 0 native plugins for Editor in 0.00 ms.
Mono: successfully reloaded assembly
- Completed reload, in  1.204 seconds
Platform modules already initialized, skipping
Refreshing native plugins compatible for Editor in 6.63 ms, found 1 plugins.
Preloading 0 native plugins for Editor in 0.00 ms.
Unloading 2943 Unused Serialized files (Serialized files now loaded: 0)
System memory in use before: 114.3 MB.
System memory in use after: 113.9 MB.

Unloading 28 unused Assets to reduce memory usage. Loaded Objects now: 3490.
Total: 38.163600 ms (FindLiveObjects: 4.359500 ms CreateObjectMapping: 1.885900 ms MarkObjects: 27.280400 ms  DeleteObjects: 4.626600 ms)

========================================================================
Received Prepare
Registering precompiled user dll's ...
Registered in 0.007184 seconds.
Begin MonoManager ReloadAssembly
Native extension for WindowsStandalone target not found
Refreshing native plugins compatible for Editor in 0.57 ms, found 1 plugins.
Preloading 0 native plugins for Editor in 0.00 ms.
Mono: successfully reloaded assembly
- Completed reload, in  1.036 seconds
Platform modules already initialized, skipping
Refreshing native plugins compatible for Editor in 0.52 ms, found 1 plugins.
Preloading 0 native plugins for Editor in 0.00 ms.
Unloading 2943 Unused Serialized files (Serialized files now loaded: 0)
System memory in use before: 114.3 MB.
System memory in use after: 113.9 MB.

Unloading 28 unused Assets to reduce memory usage. Loaded Objects now: 3493.
Total: 6.477800 ms (FindLiveObjects: 0.959600 ms CreateObjectMapping: 0.532000 ms MarkObjects: 4.432700 ms  DeleteObjects: 0.550800 ms)

========================================================================
Received Prepare
Registering precompiled user dll's ...
Registered in 0.019340 seconds.
Begin MonoManager ReloadAssembly
Native extension for WindowsStandalone target not found
Refreshing native plugins compatible for Editor in 0.89 ms, found 1 plugins.
Preloading 0 native plugins for Editor in 0.00 ms.
Mono: successfully reloaded assembly
- Completed reload, in  2.063 seconds
Platform modules already initialized, skipping
Refreshing native plugins compatible for Editor in 0.96 ms, found 1 plugins.
Preloading 0 native plugins for Editor in 0.00 ms.
Unloading 2943 Unused Serialized files (Serialized files now loaded: 0)
System memory in use before: 114.3 MB.
System memory in use after: 113.9 MB.

Unloading 28 unused Assets to reduce memory usage. Loaded Objects now: 3496.
Total: 5.549100 ms (FindLiveObjects: 0.499000 ms CreateObjectMapping: 0.426500 ms MarkObjects: 4.149500 ms  DeleteObjects: 0.471400 ms)

========================================================================
Received Prepare
Registering precompiled user dll's ...
Registered in 0.007360 seconds.
Begin MonoManager ReloadAssembly
Native extension for WindowsStandalone target not found
Refreshing native plugins compatible for Editor in 0.87 ms, found 1 plugins.
Preloading 0 native plugins for Editor in 0.00 ms.
Mono: successfully reloaded assembly
- Completed reload, in  1.036 seconds
Platform modules already initialized, skipping
Refreshing native plugins compatible for Editor in 0.68 ms, found 1 plugins.
Preloading 0 native plugins for Editor in 0.00 ms.
Unloading 2943 Unused Serialized files (Serialized files now loaded: 0)
System memory in use before: 114.3 MB.
System memory in use after: 113.9 MB.

Unloading 28 unused Assets to reduce memory usage. Loaded Objects now: 3499.
Total: 7.592700 ms (FindLiveObjects: 0.970400 ms CreateObjectMapping: 0.607900 ms MarkObjects: 5.297300 ms  DeleteObjects: 0.714000 ms)

========================================================================
Received Prepare
Registering precompiled user dll's ...
Registered in 0.014467 seconds.
Begin MonoManager ReloadAssembly
Native extension for WindowsStandalone target not found
Refreshing native plugins compatible for Editor in 0.87 ms, found 1 plugins.
Preloading 0 native plugins for Editor in 0.00 ms.
Mono: successfully reloaded assembly
- Completed reload, in  2.000 seconds
Platform modules already initialized, skipping
Refreshing native plugins compatible for Editor in 0.77 ms, found 1 plugins.
Preloading 0 native plugins for Editor in 0.00 ms.
Unloading 2943 Unused Serialized files (Serialized files now loaded: 0)
System memory in use before: 114.3 MB.
System memory in use after: 113.9 MB.

Unloading 28 unused Assets to reduce memory usage. Loaded Objects now: 3502.
Total: 2.459900 ms (FindLiveObjects: 0.232500 ms CreateObjectMapping: 0.166500 ms MarkObjects: 1.803300 ms  DeleteObjects: 0.256500 ms)

========================================================================
Received Prepare
Registering precompiled user dll's ...
Registered in 0.006660 seconds.
Begin MonoManager ReloadAssembly
Native extension for WindowsStandalone target not found
Refreshing native plugins compatible for Editor in 0.53 ms, found 1 plugins.
Preloading 0 native plugins for Editor in 0.00 ms.
Mono: successfully reloaded assembly
- Completed reload, in  1.133 seconds
Platform modules already initialized, skipping
Refreshing native plugins compatible for Editor in 0.53 ms, found 1 plugins.
Preloading 0 native plugins for Editor in 0.00 ms.
Unloading 2943 Unused Serialized files (Serialized files now loaded: 0)
System memory in use before: 114.3 MB.
System memory in use after: 113.9 MB.

Unloading 28 unused Assets to reduce memory usage. Loaded Objects now: 3505.
Total: 2.427100 ms (FindLiveObjects: 0.268100 ms CreateObjectMapping: 0.158000 ms MarkObjects: 1.736900 ms  DeleteObjects: 0.263100 ms)

========================================================================
Received Prepare
Registering precompiled user dll's ...
Registered in 0.007329 seconds.
Begin MonoManager ReloadAssembly
Native extension for WindowsStandalone target not found
Refreshing native plugins compatible for Editor in 0.56 ms, found 1 plugins.
Preloading 0 native plugins for Editor in 0.00 ms.
Mono: successfully reloaded assembly
- Completed reload, in  1.120 seconds
Platform modules already initialized, skipping
Refreshing native plugins compatible for Editor in 0.59 ms, found 1 plugins.
Preloading 0 native plugins for Editor in 0.00 ms.
Unloading 2943 Unused Serialized files (Serialized files now loaded: 0)
System memory in use before: 114.3 MB.
System memory in use after: 113.9 MB.

Unloading 28 unused Assets to reduce memory usage. Loaded Objects now: 3508.
Total: 2.705700 ms (FindLiveObjects: 0.261900 ms CreateObjectMapping: 0.152700 ms MarkObjects: 2.012800 ms  DeleteObjects: 0.277100 ms)

========================================================================
Received Prepare
Registering precompiled user dll's ...
Registered in 0.017985 seconds.
Begin MonoManager ReloadAssembly
Native extension for WindowsStandalone target not found
Refreshing native plugins compatible for Editor in 3.09 ms, found 1 plugins.
Preloading 0 native plugins for Editor in 0.00 ms.
Mono: successfully reloaded assembly
- Completed reload, in  3.733 seconds
Platform modules already initialized, skipping
Refreshing native plugins compatible for Editor in 1.22 ms, found 1 plugins.
Preloading 0 native plugins for Editor in 0.00 ms.
Unloading 2943 Unused Serialized files (Serialized files now loaded: 0)
System memory in use before: 114.3 MB.
System memory in use after: 113.9 MB.

Unloading 28 unused Assets to reduce memory usage. Loaded Objects now: 3511.
Total: 5.166400 ms (FindLiveObjects: 0.463500 ms CreateObjectMapping: 0.327000 ms MarkObjects: 3.747800 ms  DeleteObjects: 0.623900 ms)

========================================================================
Received Prepare
Registering precompiled user dll's ...
Registered in 0.014529 seconds.
Begin MonoManager ReloadAssembly
Native extension for WindowsStandalone target not found
Refreshing native plugins compatible for Editor in 0.89 ms, found 1 plugins.
Preloading 0 native plugins for Editor in 0.00 ms.
Mono: successfully reloaded assembly
- Completed reload, in  2.048 seconds
Platform modules already initialized, skipping
Refreshing native plugins compatible for Editor in 0.86 ms, found 1 plugins.
Preloading 0 native plugins for Editor in 0.00 ms.
Unloading 2943 Unused Serialized files (Serialized files now loaded: 0)
System memory in use before: 114.3 MB.
System memory in use after: 113.9 MB.

Unloading 28 unused Assets to reduce memory usage. Loaded Objects now: 3514.
Total: 4.499800 ms (FindLiveObjects: 0.534100 ms CreateObjectMapping: 0.301600 ms MarkObjects: 3.213800 ms  DeleteObjects: 0.448400 ms)

========================================================================
Received Prepare
Registering precompiled user dll's ...
Registered in 0.018725 seconds.
Begin MonoManager ReloadAssembly
Native extension for WindowsStandalone target not found
Refreshing native plugins compatible for Editor in 0.93 ms, found 1 plugins.
Preloading 0 native plugins for Editor in 0.00 ms.
Mono: successfully reloaded assembly
- Completed reload, in  2.855 seconds
Platform modules already initialized, skipping
Refreshing native plugins compatible for Editor in 2.01 ms, found 1 plugins.
Preloading 0 native plugins for Editor in 0.00 ms.
Unloading 2943 Unused Serialized files (Serialized files now loaded: 0)
System memory in use before: 114.3 MB.
System memory in use after: 113.9 MB.

Unloading 28 unused Assets to reduce memory usage. Loaded Objects now: 3517.
Total: 6.296900 ms (FindLiveObjects: 0.500400 ms CreateObjectMapping: 0.358600 ms MarkObjects: 4.738100 ms  DeleteObjects: 0.696700 ms)

========================================================================
Received Prepare
Registering precompiled user dll's ...
Registered in 0.014383 seconds.
Begin MonoManager ReloadAssembly
Native extension for WindowsStandalone target not found
Refreshing native plugins compatible for Editor in 1.30 ms, found 1 plugins.
Preloading 0 native plugins for Editor in 0.00 ms.
Mono: successfully reloaded assembly
- Completed reload, in  2.413 seconds
Platform modules already initialized, skipping
Refreshing native plugins compatible for Editor in 1.20 ms, found 1 plugins.
Preloading 0 native plugins for Editor in 0.00 ms.
Unloading 2943 Unused Serialized files (Serialized files now loaded: 0)
System memory in use before: 114.3 MB.
System memory in use after: 113.9 MB.

Unloading 28 unused Assets to reduce memory usage. Loaded Objects now: 3520.
Total: 5.690600 ms (FindLiveObjects: 1.097200 ms CreateObjectMapping: 0.473600 ms MarkObjects: 3.355700 ms  DeleteObjects: 0.761400 ms)

========================================================================
Received Prepare
Registering precompiled user dll's ...
Registered in 0.014948 seconds.
Begin MonoManager ReloadAssembly
Native extension for WindowsStandalone target not found
Refreshing native plugins compatible for Editor in 0.93 ms, found 1 plugins.
Preloading 0 native plugins for Editor in 0.00 ms.
Mono: successfully reloaded assembly
- Completed reload, in  2.097 seconds
Platform modules already initialized, skipping
Refreshing native plugins compatible for Editor in 0.88 ms, found 1 plugins.
Preloading 0 native plugins for Editor in 0.00 ms.
Unloading 2943 Unused Serialized files (Serialized files now loaded: 0)
System memory in use before: 114.3 MB.
System memory in use after: 113.9 MB.

Unloading 28 unused Assets to reduce memory usage. Loaded Objects now: 3523.
Total: 6.270300 ms (FindLiveObjects: 0.448100 ms CreateObjectMapping: 0.364000 ms MarkObjects: 4.930800 ms  DeleteObjects: 0.524000 ms)

========================================================================
Received Prepare
Registering precompiled user dll's ...
Registered in 0.007628 seconds.
Begin MonoManager ReloadAssembly
Native extension for WindowsStandalone target not found
Refreshing native plugins compatible for Editor in 0.95 ms, found 1 plugins.
Preloading 0 native plugins for Editor in 0.00 ms.
Mono: successfully reloaded assembly
- Completed reload, in  1.222 seconds
Platform modules already initialized, skipping
Refreshing native plugins compatible for Editor in 0.80 ms, found 1 plugins.
Preloading 0 native plugins for Editor in 0.00 ms.
Unloading 2943 Unused Serialized files (Serialized files now loaded: 0)
System memory in use before: 114.3 MB.
System memory in use after: 113.9 MB.

Unloading 28 unused Assets to reduce memory usage. Loaded Objects now: 3526.
Total: 2.332100 ms (FindLiveObjects: 0.215800 ms CreateObjectMapping: 0.104400 ms MarkObjects: 1.743800 ms  DeleteObjects: 0.267100 ms)

========================================================================
Received Prepare
Registering precompiled user dll's ...
Registered in 0.007098 seconds.
Begin MonoManager ReloadAssembly
Native extension for WindowsStandalone target not found
Refreshing native plugins compatible for Editor in 0.67 ms, found 1 plugins.
Preloading 0 native plugins for Editor in 0.00 ms.
Mono: successfully reloaded assembly
- Completed reload, in  1.036 seconds
Platform modules already initialized, skipping
Refreshing native plugins compatible for Editor in 0.59 ms, found 1 plugins.
Preloading 0 native plugins for Editor in 0.00 ms.
Unloading 2943 Unused Serialized files (Serialized files now loaded: 0)
System memory in use before: 114.3 MB.
System memory in use after: 113.9 MB.

Unloading 28 unused Assets to reduce memory usage. Loaded Objects now: 3529.
Total: 2.778500 ms (FindLiveObjects: 0.342100 ms CreateObjectMapping: 0.185800 ms MarkObjects: 1.987800 ms  DeleteObjects: 0.261600 ms)

========================================================================
Received Import Request.
  Time since last request: 1906.291942 seconds.
  path: Assets/Assets/Scripts/PlayerWins.cs
  artifactKey: Guid(afe6ad09602afe34fb3826543d081b71) Importer(815301076,1909f56bfc062723c751e8b465ee728b)
Start importing Assets/Assets/Scripts/PlayerWins.cs using Guid(afe6ad09602afe34fb3826543d081b71) Importer(815301076,1909f56bfc062723c751e8b465ee728b)  -> (artifact id: '923ab8f76793ab6eaf2876a989a7ccfb') in 0.007653 seconds 
========================================================================
Received Prepare
Registering precompiled user dll's ...
Registered in 0.006917 seconds.
Begin MonoManager ReloadAssembly
Native extension for WindowsStandalone target not found
Refreshing native plugins compatible for Editor in 0.50 ms, found 1 plugins.
Preloading 0 native plugins for Editor in 0.00 ms.
Mono: successfully reloaded assembly
- Completed reload, in  1.065 seconds
Platform modules already initialized, skipping
Refreshing native plugins compatible for Editor in 0.52 ms, found 1 plugins.
Preloading 0 native plugins for Editor in 0.00 ms.
Unloading 2943 Unused Serialized files (Serialized files now loaded: 0)
System memory in use before: 114.3 MB.
System memory in use after: 113.9 MB.

Unloading 28 unused Assets to reduce memory usage. Loaded Objects now: 3532.
Total: 4.854400 ms (FindLiveObjects: 0.514800 ms CreateObjectMapping: 0.391700 ms MarkObjects: 3.474700 ms  DeleteObjects: 0.470400 ms)

========================================================================
Received Import Request.
  Time since last request: 203.523829 seconds.
  path: Assets/Assets/Scripts/PlayerWins.cs
  artifactKey: Guid(afe6ad09602afe34fb3826543d081b71) Importer(815301076,1909f56bfc062723c751e8b465ee728b)
Start importing Assets/Assets/Scripts/PlayerWins.cs using Guid(afe6ad09602afe34fb3826543d081b71) Importer(815301076,1909f56bfc062723c751e8b465ee728b)  -> (artifact id: '917ecd34c7ecf4f1a7036508a1746663') in 0.008965 seconds 
========================================================================
Received Prepare
Registering precompiled user dll's ...
Registered in 0.019582 seconds.
Begin MonoManager ReloadAssembly
Native extension for WindowsStandalone target not found
Refreshing native plugins compatible for Editor in 1.43 ms, found 1 plugins.
Preloading 0 native plugins for Editor in 0.00 ms.
Mono: successfully reloaded assembly
- Completed reload, in  2.835 seconds
Platform modules already initialized, skipping
Refreshing native plugins compatible for Editor in 1.42 ms, found 1 plugins.
Preloading 0 native plugins for Editor in 0.00 ms.
Unloading 2943 Unused Serialized files (Serialized files now loaded: 0)
System memory in use before: 114.3 MB.
System memory in use after: 114.0 MB.

Unloading 28 unused Assets to reduce memory usage. Loaded Objects now: 3535.
Total: 5.193200 ms (FindLiveObjects: 0.504900 ms CreateObjectMapping: 0.419500 ms MarkObjects: 3.702200 ms  DeleteObjects: 0.564400 ms)

========================================================================
Received Prepare
Registering precompiled user dll's ...
Registered in 0.017248 seconds.
Begin MonoManager ReloadAssembly
Native extension for WindowsStandalone target not found
Refreshing native plugins compatible for Editor in 1.00 ms, found 1 plugins.
Preloading 0 native plugins for Editor in 0.00 ms.
Mono: successfully reloaded assembly
- Completed reload, in  2.279 seconds
Platform modules already initialized, skipping
Refreshing native plugins compatible for Editor in 0.91 ms, found 1 plugins.
Preloading 0 native plugins for Editor in 0.00 ms.
Unloading 2943 Unused Serialized files (Serialized files now loaded: 0)
System memory in use before: 114.4 MB.
System memory in use after: 114.0 MB.

Unloading 28 unused Assets to reduce memory usage. Loaded Objects now: 3538.
Total: 5.158900 ms (FindLiveObjects: 0.546900 ms CreateObjectMapping: 0.317200 ms MarkObjects: 3.660300 ms  DeleteObjects: 0.632200 ms)

========================================================================
Received Prepare
Registering precompiled user dll's ...
Registered in 0.015321 seconds.
Begin MonoManager ReloadAssembly
Native extension for WindowsStandalone target not found
Refreshing native plugins compatible for Editor in 0.91 ms, found 1 plugins.
Preloading 0 native plugins for Editor in 0.00 ms.
Mono: successfully reloaded assembly
- Completed reload, in  2.191 seconds
Platform modules already initialized, skipping
Refreshing native plugins compatible for Editor in 0.91 ms, found 1 plugins.
Preloading 0 native plugins for Editor in 0.00 ms.
Unloading 2943 Unused Serialized files (Serialized files now loaded: 0)
System memory in use before: 114.4 MB.
System memory in use after: 114.0 MB.

Unloading 28 unused Assets to reduce memory usage. Loaded Objects now: 3541.
Total: 5.240800 ms (FindLiveObjects: 0.642700 ms CreateObjectMapping: 0.414600 ms MarkObjects: 3.513600 ms  DeleteObjects: 0.667400 ms)

========================================================================
Received Prepare
Registering precompiled user dll's ...
Registered in 0.016859 seconds.
Begin MonoManager ReloadAssembly
Native extension for WindowsStandalone target not found
Refreshing native plugins compatible for Editor in 0.94 ms, found 1 plugins.
Preloading 0 native plugins for Editor in 0.00 ms.
Mono: successfully reloaded assembly
- Completed reload, in  2.950 seconds
Platform modules already initialized, skipping
Refreshing native plugins compatible for Editor in 0.92 ms, found 1 plugins.
Preloading 0 native plugins for Editor in 0.00 ms.
Unloading 2943 Unused Serialized files (Serialized files now loaded: 0)
System memory in use before: 114.4 MB.
System memory in use after: 114.0 MB.

Unloading 28 unused Assets to reduce memory usage. Loaded Objects now: 3544.
Total: 5.809200 ms (FindLiveObjects: 0.541600 ms CreateObjectMapping: 0.267600 ms MarkObjects: 4.544700 ms  DeleteObjects: 0.452600 ms)

========================================================================
Received Prepare
Registering precompiled user dll's ...
Registered in 0.014053 seconds.
Begin MonoManager ReloadAssembly
Native extension for WindowsStandalone target not found
Refreshing native plugins compatible for Editor in 0.89 ms, found 1 plugins.
Preloading 0 native plugins for Editor in 0.00 ms.
Mono: successfully reloaded assembly
- Completed reload, in  2.003 seconds
Platform modules already initialized, skipping
Refreshing native plugins compatible for Editor in 0.86 ms, found 1 plugins.
Preloading 0 native plugins for Editor in 0.00 ms.
Unloading 2943 Unused Serialized files (Serialized files now loaded: 0)
System memory in use before: 114.4 MB.
System memory in use after: 114.0 MB.

Unloading 28 unused Assets to reduce memory usage. Loaded Objects now: 3547.
Total: 4.278500 ms (FindLiveObjects: 0.428500 ms CreateObjectMapping: 0.354000 ms MarkObjects: 3.048500 ms  DeleteObjects: 0.445200 ms)

========================================================================
Received Prepare
Registering precompiled user dll's ...
Registered in 0.009421 seconds.
Begin MonoManager ReloadAssembly
Native extension for WindowsStandalone target not found
Refreshing native plugins compatible for Editor in 0.72 ms, found 1 plugins.
Preloading 0 native plugins for Editor in 0.00 ms.
Mono: successfully reloaded assembly
- Completed reload, in  1.111 seconds
Platform modules already initialized, skipping
Refreshing native plugins compatible for Editor in 0.53 ms, found 1 plugins.
Preloading 0 native plugins for Editor in 0.00 ms.
Unloading 2943 Unused Serialized files (Serialized files now loaded: 0)
System memory in use before: 114.4 MB.
System memory in use after: 114.0 MB.

Unloading 28 unused Assets to reduce memory usage. Loaded Objects now: 3550.
Total: 2.477300 ms (FindLiveObjects: 0.320800 ms CreateObjectMapping: 0.173500 ms MarkObjects: 1.714400 ms  DeleteObjects: 0.266900 ms)

========================================================================
Received Prepare
Registering precompiled user dll's ...
Registered in 0.027483 seconds.
Begin MonoManager ReloadAssembly
Native extension for WindowsStandalone target not found
Refreshing native plugins compatible for Editor in 0.86 ms, found 1 plugins.
Preloading 0 native plugins for Editor in 0.00 ms.
Mono: successfully reloaded assembly
- Completed reload, in  1.834 seconds
Platform modules already initialized, skipping
Refreshing native plugins compatible for Editor in 0.61 ms, found 1 plugins.
Preloading 0 native plugins for Editor in 0.00 ms.
Unloading 2943 Unused Serialized files (Serialized files now loaded: 0)
System memory in use before: 114.4 MB.
System memory in use after: 114.0 MB.

Unloading 28 unused Assets to reduce memory usage. Loaded Objects now: 3553.
Total: 2.500500 ms (FindLiveObjects: 0.264200 ms CreateObjectMapping: 0.147200 ms MarkObjects: 1.777000 ms  DeleteObjects: 0.310700 ms)

========================================================================
Received Import Request.
  Time since last request: 1322.811001 seconds.
  path: Assets/Assets/Scripts/PlayerWins.cs
  artifactKey: Guid(afe6ad09602afe34fb3826543d081b71) Importer(815301076,1909f56bfc062723c751e8b465ee728b)
Start importing Assets/Assets/Scripts/PlayerWins.cs using Guid(afe6ad09602afe34fb3826543d081b71) Importer(815301076,1909f56bfc062723c751e8b465ee728b)  -> (artifact id: '50d64321a693ab92e9861be7328f2d0a') in 0.010880 seconds 
========================================================================
Received Prepare
Registering precompiled user dll's ...
Registered in 0.010240 seconds.
Begin MonoManager ReloadAssembly
Native extension for WindowsStandalone target not found
Refreshing native plugins compatible for Editor in 0.49 ms, found 1 plugins.
Preloading 0 native plugins for Editor in 0.00 ms.
Mono: successfully reloaded assembly
- Completed reload, in  1.173 seconds
Platform modules already initialized, skipping
Refreshing native plugins compatible for Editor in 0.57 ms, found 1 plugins.
Preloading 0 native plugins for Editor in 0.00 ms.
Unloading 2943 Unused Serialized files (Serialized files now loaded: 0)
System memory in use before: 114.4 MB.
System memory in use after: 114.0 MB.

Unloading 28 unused Assets to reduce memory usage. Loaded Objects now: 3556.
Total: 4.071700 ms (FindLiveObjects: 0.626000 ms CreateObjectMapping: 0.236100 ms MarkObjects: 2.682700 ms  DeleteObjects: 0.525200 ms)

========================================================================
Received Import Request.
  Time since last request: 56.643656 seconds.
  path: Assets/Assets/Scripts/PlayerWins.cs
  artifactKey: Guid(afe6ad09602afe34fb3826543d081b71) Importer(815301076,1909f56bfc062723c751e8b465ee728b)
Start importing Assets/Assets/Scripts/PlayerWins.cs using Guid(afe6ad09602afe34fb3826543d081b71) Importer(815301076,1909f56bfc062723c751e8b465ee728b)  -> (artifact id: '7a7bd5072f22dbe21940a243574b3719') in 0.023812 seconds 
========================================================================
Received Import Request.
  Time since last request: 0.000587 seconds.
  path: Assets/Assets/Scripts/Movement.cs
  artifactKey: Guid(7c201dc6d6e80a540b4be12c68da714e) Importer(815301076,1909f56bfc062723c751e8b465ee728b)
Start importing Assets/Assets/Scripts/Movement.cs using Guid(7c201dc6d6e80a540b4be12c68da714e) Importer(815301076,1909f56bfc062723c751e8b465ee728b)  -> (artifact id: 'd53bcac593be02ec937176da5ec90b81') in 0.006380 seconds 
========================================================================
Received Prepare
Registering precompiled user dll's ...
Registered in 0.011685 seconds.
Begin MonoManager ReloadAssembly
Native extension for WindowsStandalone target not found
Refreshing native plugins compatible for Editor in 0.51 ms, found 1 plugins.
Preloading 0 native plugins for Editor in 0.00 ms.
Mono: successfully reloaded assembly
- Completed reload, in  4.220 seconds
Platform modules already initialized, skipping
Refreshing native plugins compatible for Editor in 0.52 ms, found 1 plugins.
Preloading 0 native plugins for Editor in 0.00 ms.
Unloading 2943 Unused Serialized files (Serialized files now loaded: 0)
System memory in use before: 114.4 MB.
System memory in use after: 114.0 MB.

Unloading 28 unused Assets to reduce memory usage. Loaded Objects now: 3559.
Total: 4.013300 ms (FindLiveObjects: 0.364800 ms CreateObjectMapping: 0.171100 ms MarkObjects: 2.026200 ms  DeleteObjects: 1.449400 ms)

========================================================================
Received Import Request.
  Time since last request: 6082.549308 seconds.
  path: Assets/Assets/Prefabs/Player 1.prefab
  artifactKey: Guid(d3dbd0c8266dda946944437eab06a66d) Importer(815301076,1909f56bfc062723c751e8b465ee728b)
Start importing Assets/Assets/Prefabs/Player 1.prefab using Guid(d3dbd0c8266dda946944437eab06a66d) Importer(815301076,1909f56bfc062723c751e8b465ee728b)  -> (artifact id: '7d785b2b7661f9028122060d005ae02f') in 0.363254 seconds 
========================================================================
Received Import Request.
  Time since last request: 9.352950 seconds.
  path: Assets/Assets/Prefabs/Player2.prefab
  artifactKey: Guid(0fc21a1d58770844f8b050c85e86875c) Importer(815301076,1909f56bfc062723c751e8b465ee728b)
Start importing Assets/Assets/Prefabs/Player2.prefab using Guid(0fc21a1d58770844f8b050c85e86875c) Importer(815301076,1909f56bfc062723c751e8b465ee728b)  -> (artifact id: 'cd806527d77dbcb1d2cf2c2a69355878') in 0.034186 seconds 
========================================================================
Received Import Request.
  Time since last request: 5.381369 seconds.
  path: Assets/Assets/Prefabs/Player.prefab
  artifactKey: Guid(d3dbd0c8266dda946944437eab06a66d) Importer(815301076,1909f56bfc062723c751e8b465ee728b)
Start importing Assets/Assets/Prefabs/Player.prefab using Guid(d3dbd0c8266dda946944437eab06a66d) Importer(815301076,1909f56bfc062723c751e8b465ee728b)  -> (artifact id: 'bba899aee928a3f1402bcee9806987cd') in 0.028033 seconds 
AssetImportWorkerClient::OnTransportError - code=2 error=End of file
